Using pre-set license
Built from '2020.3/release' branch; Version is '2020.3.12f1 (b3b2c6512326) revision 11776710'; Using compiler version '192528614'; Build Type 'Release'
OS: 'Windows 10 Home; OS build 19041.1052; Version 2004; 64bit' Language: 'fr' Physical Memory: 12149 MB
BatchMode: 1, IsHumanControllingUs: 0, StartBugReporterOnCrash: 0, Is64bit: 1, IsPro: 0

 COMMAND LINE ARGUMENTS:
D:\Unity\2020.3.12f1\Editor\Unity.exe
-adb2
-batchMode
-noUpm
-name
AssetImportWorker1
-projectPath
D:/Unity/NewGameEngineTP/TPTeam
-logFile
Logs/AssetImportWorker1.log
-srvPort
58769
Successfully changed project path to: D:/Unity/NewGameEngineTP/TPTeam
D:/Unity/NewGameEngineTP/TPTeam
Using Asset Import Pipeline V2.
Refreshing native plugins compatible for Editor in 48.10 ms, found 5 plugins.
Preloading 0 native plugins for Editor in 0.00 ms.
Initialize engine version: 2020.3.12f1 (b3b2c6512326)
[Subsystems] Discovering subsystems at path D:/Unity/2020.3.12f1/Editor/Data/Resources/UnitySubsystems
[Subsystems] Discovering subsystems at path D:/Unity/NewGameEngineTP/TPTeam/Assets
GfxDevice: creating device client; threaded=0
Direct3D:
    Version:  Direct3D 11.0 [level 11.1]
    Renderer: NVIDIA GeForce GTX 1060 6GB (ID=0x1c03)
    Vendor:   
    VRAM:     6052 MB
    Driver:   27.21.14.5671
Initialize mono
Mono path[0] = 'D:/Unity/2020.3.12f1/Editor/Data/Managed'
Mono path[1] = 'D:/Unity/2020.3.12f1/Editor/Data/MonoBleedingEdge/lib/mono/unityjit'
Mono config path = 'D:/Unity/2020.3.12f1/Editor/Data/MonoBleedingEdge/etc'
Using monoOptions --debugger-agent=transport=dt_socket,embedding=1,server=y,suspend=n,address=127.0.0.1:56700
Begin MonoManager ReloadAssembly
Registering precompiled unity dll's ...
Register platform support module: D:/Unity/2020.3.12f1/Editor/Data/PlaybackEngines/WindowsStandaloneSupport/UnityEditor.WindowsStandalone.Extensions.dll
Registered in 0.001154 seconds.
Native extension for WindowsStandalone target not found
Refreshing native plugins compatible for Editor in 42.76 ms, found 5 plugins.
Preloading 0 native plugins for Editor in 0.00 ms.
Mono: successfully reloaded assembly
- Completed reload, in 15.758 seconds
Platform modules already initialized, skipping
Registering precompiled user dll's ...
Registered in 0.003848 seconds.
Begin MonoManager ReloadAssembly
Native extension for WindowsStandalone target not found
Refreshing native plugins compatible for Editor in 42.05 ms, found 5 plugins.
Preloading 0 native plugins for Editor in 0.00 ms.
2021-07-09 02:43:19|Fatal|WebSocket.connect|System.Net.Sockets.SocketException (0x80004005): Aucune connexion n’a pu être établie car l’ordinateur cible l’a expressément refusée.
                          Mono: successfully reloaded assembly
Fallback handler could not load library D:/Unity/2020.3.12f1/Editor/Data/Mono/lib/Substance.Engine.Mobile
Fallback handler could not load library D:/Unity/2020.3.12f1/Editor/Data/Mono/lib/Substance.Engine.Mobile.dll
Fallback handler could not load library D:/Unity/2020.3.12f1/Editor/Data/Mono/lib/Substance.Engine.Mobile
Fallback handler could not load library D:/Unity/2020.3.12f1/Editor/Data/Mono/lib/libSubstance.Engine.Mobile
Fallback handler could not load library D:/Unity/2020.3.12f1/Editor/Data/Mono/lib/libSubstance.Engine.Mobile.dll
Fallback handler could not load library D:/Unity/2020.3.12f1/Editor/Data/Mono/lib/libSubstance.Engine.Mobile
Fallback handler could not load library D:/Unity/2020.3.12f1/Editor/Data/Mono/lib/libdl.dylib
Fallback handler could not load library D:/Unity/2020.3.12f1/Editor/Data/Mono/lib/libdl.dylib.dll
Fallback handler could not load library D:/Unity/2020.3.12f1/Editor/Data/Mono/lib/libdl.dylib
Fallback handler could not load library D:/Unity/2020.3.12f1/Editor/Data/Mono/lib/libdl.dylib
Fallback handler could not load library D:/Unity/2020.3.12f1/Editor/Data/Mono/lib/libdl.dylib.dll
Fallback handler could not load library D:/Unity/2020.3.12f1/Editor/Data/Mono/lib/libdl.dylib
Fallback handler could not load library D:/Unity/2020.3.12f1/Editor/Data/Mono/lib/Substance.Engine.Mobile
Fallback handler could not load library D:/Unity/2020.3.12f1/Editor/Data/Mono/lib/Substance.Engine.Mobile.dll
Fallback handler could not load library D:/Unity/2020.3.12f1/Editor/Data/Mono/lib/Substance.Engine.Mobile
Fallback handler could not load library D:/Unity/2020.3.12f1/Editor/Data/Mono/lib/libSubstance.Engine.Mobile
Fallback handler could not load library D:/Unity/2020.3.12f1/Editor/Data/Mono/lib/libSubstance.Engine.Mobile.dll
Fallback handler could not load library D:/Unity/2020.3.12f1/Editor/Data/Mono/lib/libSubstance.Engine.Mobile
Fallback handler could not load library D:/Unity/2020.3.12f1/Editor/Data/Mono/lib/Substance.Engine.Mobile
Fallback handler could not load library D:/Unity/2020.3.12f1/Editor/Data/Mono/lib/Substance.Engine.Mobile.dll
Fallback handler could not load library D:/Unity/2020.3.12f1/Editor/Data/Mono/lib/Substance.Engine.Mobile
Fallback handler could not load library D:/Unity/2020.3.12f1/Editor/Data/Mono/lib/libSubstance.Engine.Mobile
Fallback handler could not load library D:/Unity/2020.3.12f1/Editor/Data/Mono/lib/libSubstance.Engine.Mobile.dll
Fallback handler could not load library D:/Unity/2020.3.12f1/Editor/Data/Mono/lib/libSubstance.Engine.Mobile
- Completed reload, in  5.444 seconds
Platform modules already initialized, skipping
========================================================================
Worker process is ready to serve import requests
Launched and connected shader compiler UnityShaderCompiler.exe after 0.23 seconds
Refreshing native plugins compatible for Editor in 0.60 ms, found 5 plugins.
Preloading 0 native plugins for Editor in 0.00 ms.
Unloading 1569 Unused Serialized files (Serialized files now loaded: 0)
System memory in use before: 89.2 MB.
System memory in use after: 89.0 MB.

Unloading 44 unused Assets to reduce memory usage. Loaded Objects now: 2010.
Total: 2.847800 ms (FindLiveObjects: 0.315800 ms CreateObjectMapping: 0.145700 ms MarkObjects: 2.021900 ms  DeleteObjects: 0.363200 ms)

AssetImportParameters requested are different than current active one (requested -> active):
  custom:framework-win-MediaFoundation: 216162199b28c13a410421893ffa2e32 -> 
  custom:video-decoder-ogg-theora: a1e56fd34408186e4bbccfd4996cb3dc -> 
  custom:container-muxer-webm: aa71ff27fc2769a1b78a27578f13a17b -> 
  custom:container-demuxer-webm: 4f35f7cbe854078d1ac9338744f61a02 -> 
  custom:container-demuxer-ogg: 62fdf1f143b41e24485cea50d1cbac27 -> 
  custom:video-encoder-webm-vp8: eb34c28f22e8b96e1ab97ce403110664 -> 
  custom:video-decoder-webm-vp8: 9c59270c3fd7afecdb556c50c9e8de78 -> 
  custom:audio-decoder-ogg-vorbis: bf7c407c2cedff20999df2af8eb42d56 -> 
  custom:audio-encoder-webm-vorbis: bf7c407c2cedff20999df2af8eb42d56 -> 
========================================================================
Received Import Request.
  path: Assets/Image/fouFallImg.png
  artifactKey: Guid(bff187c745d025d4fbc1dbaa40b7502c) Importer(815301076,1909f56bfc062723c751e8b465ee728b)
Start importing Assets/Image/fouFallImg.png using Guid(bff187c745d025d4fbc1dbaa40b7502c) Importer(815301076,1909f56bfc062723c751e8b465ee728b)  -> (artifact id: 'd76a5b5f5bab362b4bba35ddbce96dbf') in 0.172055 seconds 
  Import took 0.175044 seconds .

========================================================================
Received Prepare
Registering precompiled user dll's ...
Registered in 0.013883 seconds.
Begin MonoManager ReloadAssembly
Fallback handler could not load library D:/Unity/2020.3.12f1/Editor/Data/Mono/lib/Substance.Engine.Mobile
Fallback handler could not load library D:/Unity/2020.3.12f1/Editor/Data/Mono/lib/Substance.Engine.Mobile.dll
Fallback handler could not load library D:/Unity/2020.3.12f1/Editor/Data/Mono/lib/Substance.Engine.Mobile
Fallback handler could not load library D:/Unity/2020.3.12f1/Editor/Data/Mono/lib/libSubstance.Engine.Mobile
Fallback handler could not load library D:/Unity/2020.3.12f1/Editor/Data/Mono/lib/libSubstance.Engine.Mobile.dll
Fallback handler could not load library D:/Unity/2020.3.12f1/Editor/Data/Mono/lib/libSubstance.Engine.Mobile
Fallback handler could not load library D:/Unity/2020.3.12f1/Editor/Data/Mono/lib/libdl.dylib
Fallback handler could not load library D:/Unity/2020.3.12f1/Editor/Data/Mono/lib/libdl.dylib.dll
Fallback handler could not load library D:/Unity/2020.3.12f1/Editor/Data/Mono/lib/libdl.dylib
Native extension for WindowsStandalone target not found
Refreshing native plugins compatible for Editor in 0.80 ms, found 5 plugins.
Preloading 0 native plugins for Editor in 0.00 ms.
2021-07-09 02:44:53|Fatal|WebSocket.connect|System.Net.Sockets.SocketException (0x80004005): Aucune connexion n’a pu être établie car l’ordinateur cible l’a expressément refusée.
                          Mono: successfully reloaded assembly
Fallback handler could not load library D:/Unity/2020.3.12f1/Editor/Data/Mono/lib/Substance.Engine.Mobile
Fallback handler could not load library D:/Unity/2020.3.12f1/Editor/Data/Mono/lib/Substance.Engine.Mobile.dll
Fallback handler could not load library D:/Unity/2020.3.12f1/Editor/Data/Mono/lib/Substance.Engine.Mobile
Fallback handler could not load library D:/Unity/2020.3.12f1/Editor/Data/Mono/lib/libSubstance.Engine.Mobile
Fallback handler could not load library D:/Unity/2020.3.12f1/Editor/Data/Mono/lib/libSubstance.Engine.Mobile.dll
Fallback handler could not load library D:/Unity/2020.3.12f1/Editor/Data/Mono/lib/libSubstance.Engine.Mobile
Fallback handler could not load library D:/Unity/2020.3.12f1/Editor/Data/Mono/lib/libdl.dylib
Fallback handler could not load library D:/Unity/2020.3.12f1/Editor/Data/Mono/lib/libdl.dylib.dll
Fallback handler could not load library D:/Unity/2020.3.12f1/Editor/Data/Mono/lib/libdl.dylib
Fallback handler could not load library D:/Unity/2020.3.12f1/Editor/Data/Mono/lib/libdl.dylib
Fallback handler could not load library D:/Unity/2020.3.12f1/Editor/Data/Mono/lib/libdl.dylib.dll
Fallback handler could not load library D:/Unity/2020.3.12f1/Editor/Data/Mono/lib/libdl.dylib
Fallback handler could not load library D:/Unity/2020.3.12f1/Editor/Data/Mono/lib/Substance.Engine.Mobile
Fallback handler could not load library D:/Unity/2020.3.12f1/Editor/Data/Mono/lib/Substance.Engine.Mobile.dll
Fallback handler could not load library D:/Unity/2020.3.12f1/Editor/Data/Mono/lib/Substance.Engine.Mobile
Fallback handler could not load library D:/Unity/2020.3.12f1/Editor/Data/Mono/lib/libSubstance.Engine.Mobile
Fallback handler could not load library D:/Unity/2020.3.12f1/Editor/Data/Mono/lib/libSubstance.Engine.Mobile.dll
Fallback handler could not load library D:/Unity/2020.3.12f1/Editor/Data/Mono/lib/libSubstance.Engine.Mobile
Fallback handler could not load library D:/Unity/2020.3.12f1/Editor/Data/Mono/lib/Substance.Engine.Mobile
Fallback handler could not load library D:/Unity/2020.3.12f1/Editor/Data/Mono/lib/Substance.Engine.Mobile.dll
Fallback handler could not load library D:/Unity/2020.3.12f1/Editor/Data/Mono/lib/Substance.Engine.Mobile
Fallback handler could not load library D:/Unity/2020.3.12f1/Editor/Data/Mono/lib/libSubstance.Engine.Mobile
Fallback handler could not load library D:/Unity/2020.3.12f1/Editor/Data/Mono/lib/libSubstance.Engine.Mobile.dll
Fallback handler could not load library D:/Unity/2020.3.12f1/Editor/Data/Mono/lib/libSubstance.Engine.Mobile
- Completed reload, in  6.501 seconds
Platform modules already initialized, skipping
Refreshing native plugins compatible for Editor in 0.82 ms, found 5 plugins.
Preloading 0 native plugins for Editor in 0.00 ms.
Unloading 1531 Unused Serialized files (Serialized files now loaded: 0)
System memory in use before: 88.9 MB.
System memory in use after: 88.6 MB.

Unloading 39 unused Assets to reduce memory usage. Loaded Objects now: 2020.
Total: 2.741400 ms (FindLiveObjects: 0.227800 ms CreateObjectMapping: 0.064600 ms MarkObjects: 2.097400 ms  DeleteObjects: 0.350100 ms)

AssetImportParameters requested are different than current active one (requested -> active):
  custom:framework-win-MediaFoundation: 216162199b28c13a410421893ffa2e32 -> 
  custom:video-decoder-ogg-theora: a1e56fd34408186e4bbccfd4996cb3dc -> 
  custom:container-muxer-webm: aa71ff27fc2769a1b78a27578f13a17b -> 
  custom:container-demuxer-webm: 4f35f7cbe854078d1ac9338744f61a02 -> 
  custom:container-demuxer-ogg: 62fdf1f143b41e24485cea50d1cbac27 -> 
  custom:video-encoder-webm-vp8: eb34c28f22e8b96e1ab97ce403110664 -> 
  custom:video-decoder-webm-vp8: 9c59270c3fd7afecdb556c50c9e8de78 -> 
  custom:audio-decoder-ogg-vorbis: bf7c407c2cedff20999df2af8eb42d56 -> 
  custom:audio-encoder-webm-vorbis: bf7c407c2cedff20999df2af8eb42d56 -> 
========================================================================
Received Prepare
Registering precompiled user dll's ...
Registered in 0.008165 seconds.
Begin MonoManager ReloadAssembly
Fallback handler could not load library D:/Unity/2020.3.12f1/Editor/Data/Mono/lib/Substance.Engine.Mobile
Fallback handler could not load library D:/Unity/2020.3.12f1/Editor/Data/Mono/lib/Substance.Engine.Mobile.dll
Fallback handler could not load library D:/Unity/2020.3.12f1/Editor/Data/Mono/lib/Substance.Engine.Mobile
Fallback handler could not load library D:/Unity/2020.3.12f1/Editor/Data/Mono/lib/libSubstance.Engine.Mobile
Fallback handler could not load library D:/Unity/2020.3.12f1/Editor/Data/Mono/lib/libSubstance.Engine.Mobile.dll
Fallback handler could not load library D:/Unity/2020.3.12f1/Editor/Data/Mono/lib/libSubstance.Engine.Mobile
Fallback handler could not load library D:/Unity/2020.3.12f1/Editor/Data/Mono/lib/libdl.dylib
Fallback handler could not load library D:/Unity/2020.3.12f1/Editor/Data/Mono/lib/libdl.dylib.dll
Fallback handler could not load library D:/Unity/2020.3.12f1/Editor/Data/Mono/lib/libdl.dylib
Native extension for WindowsStandalone target not found
Refreshing native plugins compatible for Editor in 1.06 ms, found 5 plugins.
Preloading 0 native plugins for Editor in 0.00 ms.
2021-07-09 02:45:26|Fatal|WebSocket.connect|System.Net.Sockets.SocketException (0x80004005): Aucune connexion n’a pu être établie car l’ordinateur cible l’a expressément refusée.
                          Mono: successfully reloaded assembly
Fallback handler could not load library D:/Unity/2020.3.12f1/Editor/Data/Mono/lib/Substance.Engine.Mobile
Fallback handler could not load library D:/Unity/2020.3.12f1/Editor/Data/Mono/lib/Substance.Engine.Mobile.dll
Fallback handler could not load library D:/Unity/2020.3.12f1/Editor/Data/Mono/lib/Substance.Engine.Mobile
Fallback handler could not load library D:/Unity/2020.3.12f1/Editor/Data/Mono/lib/libSubstance.Engine.Mobile
Fallback handler could not load library D:/Unity/2020.3.12f1/Editor/Data/Mono/lib/libSubstance.Engine.Mobile.dll
Fallback handler could not load library D:/Unity/2020.3.12f1/Editor/Data/Mono/lib/libSubstance.Engine.Mobile
Fallback handler could not load library D:/Unity/2020.3.12f1/Editor/Data/Mono/lib/libdl.dylib
Fallback handler could not load library D:/Unity/2020.3.12f1/Editor/Data/Mono/lib/libdl.dylib.dll
Fallback handler could not load library D:/Unity/2020.3.12f1/Editor/Data/Mono/lib/libdl.dylib
Fallback handler could not load library D:/Unity/2020.3.12f1/Editor/Data/Mono/lib/libdl.dylib
Fallback handler could not load library D:/Unity/2020.3.12f1/Editor/Data/Mono/lib/libdl.dylib.dll
Fallback handler could not load library D:/Unity/2020.3.12f1/Editor/Data/Mono/lib/libdl.dylib
Fallback handler could not load library D:/Unity/2020.3.12f1/Editor/Data/Mono/lib/Substance.Engine.Mobile
Fallback handler could not load library D:/Unity/2020.3.12f1/Editor/Data/Mono/lib/Substance.Engine.Mobile.dll
Fallback handler could not load library D:/Unity/2020.3.12f1/Editor/Data/Mono/lib/Substance.Engine.Mobile
Fallback handler could not load library D:/Unity/2020.3.12f1/Editor/Data/Mono/lib/libSubstance.Engine.Mobile
Fallback handler could not load library D:/Unity/2020.3.12f1/Editor/Data/Mono/lib/libSubstance.Engine.Mobile.dll
Fallback handler could not load library D:/Unity/2020.3.12f1/Editor/Data/Mono/lib/libSubstance.Engine.Mobile
Fallback handler could not load library D:/Unity/2020.3.12f1/Editor/Data/Mono/lib/Substance.Engine.Mobile
Fallback handler could not load library D:/Unity/2020.3.12f1/Editor/Data/Mono/lib/Substance.Engine.Mobile.dll
Fallback handler could not load library D:/Unity/2020.3.12f1/Editor/Data/Mono/lib/Substance.Engine.Mobile
Fallback handler could not load library D:/Unity/2020.3.12f1/Editor/Data/Mono/lib/libSubstance.Engine.Mobile
Fallback handler could not load library D:/Unity/2020.3.12f1/Editor/Data/Mono/lib/libSubstance.Engine.Mobile.dll
Fallback handler could not load library D:/Unity/2020.3.12f1/Editor/Data/Mono/lib/libSubstance.Engine.Mobile
- Completed reload, in  6.334 seconds
Platform modules already initialized, skipping
Refreshing native plugins compatible for Editor in 1.08 ms, found 5 plugins.
Preloading 0 native plugins for Editor in 0.00 ms.
Unloading 1531 Unused Serialized files (Serialized files now loaded: 0)
System memory in use before: 89.0 MB.
System memory in use after: 88.7 MB.

Unloading 39 unused Assets to reduce memory usage. Loaded Objects now: 2023.
Total: 3.114300 ms (FindLiveObjects: 0.213700 ms CreateObjectMapping: 0.110700 ms MarkObjects: 2.395500 ms  DeleteObjects: 0.392800 ms)

AssetImportParameters requested are different than current active one (requested -> active):
  custom:framework-win-MediaFoundation: 216162199b28c13a410421893ffa2e32 -> 
  custom:video-decoder-ogg-theora: a1e56fd34408186e4bbccfd4996cb3dc -> 
  custom:container-muxer-webm: aa71ff27fc2769a1b78a27578f13a17b -> 
  custom:container-demuxer-webm: 4f35f7cbe854078d1ac9338744f61a02 -> 
  custom:container-demuxer-ogg: 62fdf1f143b41e24485cea50d1cbac27 -> 
  custom:video-encoder-webm-vp8: eb34c28f22e8b96e1ab97ce403110664 -> 
  custom:video-decoder-webm-vp8: 9c59270c3fd7afecdb556c50c9e8de78 -> 
  custom:audio-decoder-ogg-vorbis: bf7c407c2cedff20999df2af8eb42d56 -> 
  custom:audio-encoder-webm-vorbis: bf7c407c2cedff20999df2af8eb42d56 -> 
========================================================================
Received Import Request.
  Time since last request: 126.819149 seconds.
  path: Assets/Medieval Village/Script/FadeTextColor.cs
  artifactKey: Guid(5462d6792fbc331449020c0ac415f65e) Importer(815301076,1909f56bfc062723c751e8b465ee728b)
Start importing Assets/Medieval Village/Script/FadeTextColor.cs using Guid(5462d6792fbc331449020c0ac415f65e) Importer(815301076,1909f56bfc062723c751e8b465ee728b)  -> (artifact id: 'f14acfaca272530846ea392af8d8b3bc') in 0.031409 seconds 
  Import took 0.035211 seconds .

========================================================================
Received Import Request.
  Time since last request: 0.000243 seconds.
  path: Assets/Medieval Village/Script/Fade.cs
  artifactKey: Guid(4200163d649cb724887d7963187c7c22) Importer(815301076,1909f56bfc062723c751e8b465ee728b)
Start importing Assets/Medieval Village/Script/Fade.cs using Guid(4200163d649cb724887d7963187c7c22) Importer(815301076,1909f56bfc062723c751e8b465ee728b)  -> (artifact id: 'f29b0607a64cdfddacdf356f04fbf902') in 0.019250 seconds 
  Import took 0.024843 seconds .

========================================================================
Received Import Request.
  Time since last request: 56.997315 seconds.
  path: Assets/Standard Assets/Characters/FirstPersonCharacter/Scripts/LVLMan.cs
  artifactKey: Guid(9d984e27b9e4f5a4790ab86fc516fec5) Importer(815301076,1909f56bfc062723c751e8b465ee728b)
Start importing Assets/Standard Assets/Characters/FirstPersonCharacter/Scripts/LVLMan.cs using Guid(9d984e27b9e4f5a4790ab86fc516fec5) Importer(815301076,1909f56bfc062723c751e8b465ee728b)  -> (artifact id: '55a9318d4126f179d023461d44181d13') in 0.009082 seconds 
  Import took 0.013112 seconds .

========================================================================
Received Import Request.
  Time since last request: 0.002246 seconds.
  path: Assets/Standard Assets/Characters/FirstPersonCharacter/Scripts/LVLMan.cs
  artifactKey: Guid(9d984e27b9e4f5a4790ab86fc516fec5) Importer(815301076,1909f56bfc062723c751e8b465ee728b)
Start importing Assets/Standard Assets/Characters/FirstPersonCharacter/Scripts/LVLMan.cs using Guid(9d984e27b9e4f5a4790ab86fc516fec5) Importer(815301076,1909f56bfc062723c751e8b465ee728b)  -> (artifact id: '55a9318d4126f179d023461d44181d13') in 0.007841 seconds 
  Import took 0.012119 seconds .

========================================================================
Received Import Request.
  Time since last request: 1.340137 seconds.
  path: Assets/Standard Assets/Characters/FirstPersonCharacter/Scripts/FirstPersonController.cs
  artifactKey: Guid(05ec5cf00ca181d45a42ba1870e148c3) Importer(815301076,1909f56bfc062723c751e8b465ee728b)
Start importing Assets/Standard Assets/Characters/FirstPersonCharacter/Scripts/FirstPersonController.cs using Guid(05ec5cf00ca181d45a42ba1870e148c3) Importer(815301076,1909f56bfc062723c751e8b465ee728b)  -> (artifact id: 'ded67d5b725ca22c3f77ff24c6cf23e7') in 0.003166 seconds 
  Import took 0.006214 seconds .

========================================================================
Received Import Request.
  Time since last request: 0.000826 seconds.
  path: Assets/Standard Assets/Characters/FirstPersonCharacter/Scripts/FirstPersonController.cs
  artifactKey: Guid(05ec5cf00ca181d45a42ba1870e148c3) Importer(815301076,1909f56bfc062723c751e8b465ee728b)
Start importing Assets/Standard Assets/Characters/FirstPersonCharacter/Scripts/FirstPersonController.cs using Guid(05ec5cf00ca181d45a42ba1870e148c3) Importer(815301076,1909f56bfc062723c751e8b465ee728b)  -> (artifact id: 'ded67d5b725ca22c3f77ff24c6cf23e7') in 0.009471 seconds 
  Import took 0.012596 seconds .

========================================================================
Received Import Request.
  Time since last request: 67.766603 seconds.
  path: Assets/Standard Assets/Characters/FirstPersonCharacter/Scripts/FadeImg1.cs
  artifactKey: Guid(115616daf129b5b41be27a3f11c36ff3) Importer(815301076,1909f56bfc062723c751e8b465ee728b)
Start importing Assets/Standard Assets/Characters/FirstPersonCharacter/Scripts/FadeImg1.cs using Guid(115616daf129b5b41be27a3f11c36ff3) Importer(815301076,1909f56bfc062723c751e8b465ee728b)  -> (artifact id: '2ffa3adb8d5a87bf4952cc71e13824f4') in 0.014574 seconds 
  Import took 0.020231 seconds .

========================================================================
Received Import Request.
  Time since last request: 0.003027 seconds.
  path: Assets/Standard Assets/Characters/FirstPersonCharacter/Scripts/FadeImg1.cs
  artifactKey: Guid(115616daf129b5b41be27a3f11c36ff3) Importer(815301076,1909f56bfc062723c751e8b465ee728b)
Start importing Assets/Standard Assets/Characters/FirstPersonCharacter/Scripts/FadeImg1.cs using Guid(115616daf129b5b41be27a3f11c36ff3) Importer(815301076,1909f56bfc062723c751e8b465ee728b)  -> (artifact id: '2ffa3adb8d5a87bf4952cc71e13824f4') in 0.029476 seconds 
  Import took 0.036842 seconds .

========================================================================
Received Import Request.
  Time since last request: 20.984857 seconds.
  path: Assets/Standard Assets/Characters/FirstPersonCharacter/Scripts/FadeTxt.cs
  artifactKey: Guid(115616daf129b5b41be27a3f11c36ff3) Importer(815301076,1909f56bfc062723c751e8b465ee728b)
Start importing Assets/Standard Assets/Characters/FirstPersonCharacter/Scripts/FadeTxt.cs using Guid(115616daf129b5b41be27a3f11c36ff3) Importer(815301076,1909f56bfc062723c751e8b465ee728b)  -> (artifact id: '178503aea66b859d5a8ee570b03dc73c') in 0.013550 seconds 
  Import took 0.017388 seconds .

========================================================================
Received Prepare
Registering precompiled user dll's ...
Registered in 0.003916 seconds.
Begin MonoManager ReloadAssembly
Fallback handler could not load library D:/Unity/2020.3.12f1/Editor/Data/Mono/lib/Substance.Engine.Mobile
Fallback handler could not load library D:/Unity/2020.3.12f1/Editor/Data/Mono/lib/Substance.Engine.Mobile.dll
Fallback handler could not load library D:/Unity/2020.3.12f1/Editor/Data/Mono/lib/Substance.Engine.Mobile
Fallback handler could not load library D:/Unity/2020.3.12f1/Editor/Data/Mono/lib/libSubstance.Engine.Mobile
Fallback handler could not load library D:/Unity/2020.3.12f1/Editor/Data/Mono/lib/libSubstance.Engine.Mobile.dll
Fallback handler could not load library D:/Unity/2020.3.12f1/Editor/Data/Mono/lib/libSubstance.Engine.Mobile
Fallback handler could not load library D:/Unity/2020.3.12f1/Editor/Data/Mono/lib/libdl.dylib
Fallback handler could not load library D:/Unity/2020.3.12f1/Editor/Data/Mono/lib/libdl.dylib.dll
Fallback handler could not load library D:/Unity/2020.3.12f1/Editor/Data/Mono/lib/libdl.dylib
Native extension for WindowsStandalone target not found
Refreshing native plugins compatible for Editor in 0.67 ms, found 5 plugins.
Preloading 0 native plugins for Editor in 0.00 ms.
2021-07-09 02:58:59|Fatal|WebSocket.connect|System.Net.Sockets.SocketException (0x80004005): Aucune connexion n’a pu être établie car l’ordinateur cible l’a expressément refusée.
                          Mono: successfully reloaded assembly
Fallback handler could not load library D:/Unity/2020.3.12f1/Editor/Data/Mono/lib/Substance.Engine.Mobile
Fallback handler could not load library D:/Unity/2020.3.12f1/Editor/Data/Mono/lib/Substance.Engine.Mobile.dll
Fallback handler could not load library D:/Unity/2020.3.12f1/Editor/Data/Mono/lib/Substance.Engine.Mobile
Fallback handler could not load library D:/Unity/2020.3.12f1/Editor/Data/Mono/lib/libSubstance.Engine.Mobile
Fallback handler could not load library D:/Unity/2020.3.12f1/Editor/Data/Mono/lib/libSubstance.Engine.Mobile.dll
Fallback handler could not load library D:/Unity/2020.3.12f1/Editor/Data/Mono/lib/libSubstance.Engine.Mobile
Fallback handler could not load library D:/Unity/2020.3.12f1/Editor/Data/Mono/lib/libdl.dylib
Fallback handler could not load library D:/Unity/2020.3.12f1/Editor/Data/Mono/lib/libdl.dylib.dll
Fallback handler could not load library D:/Unity/2020.3.12f1/Editor/Data/Mono/lib/libdl.dylib
Fallback handler could not load library D:/Unity/2020.3.12f1/Editor/Data/Mono/lib/libdl.dylib
Fallback handler could not load library D:/Unity/2020.3.12f1/Editor/Data/Mono/lib/libdl.dylib.dll
Fallback handler could not load library D:/Unity/2020.3.12f1/Editor/Data/Mono/lib/libdl.dylib
Fallback handler could not load library D:/Unity/2020.3.12f1/Editor/Data/Mono/lib/Substance.Engine.Mobile
Fallback handler could not load library D:/Unity/2020.3.12f1/Editor/Data/Mono/lib/Substance.Engine.Mobile.dll
Fallback handler could not load library D:/Unity/2020.3.12f1/Editor/Data/Mono/lib/Substance.Engine.Mobile
Fallback handler could not load library D:/Unity/2020.3.12f1/Editor/Data/Mono/lib/libSubstance.Engine.Mobile
Fallback handler could not load library D:/Unity/2020.3.12f1/Editor/Data/Mono/lib/libSubstance.Engine.Mobile.dll
Fallback handler could not load library D:/Unity/2020.3.12f1/Editor/Data/Mono/lib/libSubstance.Engine.Mobile
Fallback handler could not load library D:/Unity/2020.3.12f1/Editor/Data/Mono/lib/Substance.Engine.Mobile
Fallback handler could not load library D:/Unity/2020.3.12f1/Editor/Data/Mono/lib/Substance.Engine.Mobile.dll
Fallback handler could not load library D:/Unity/2020.3.12f1/Editor/Data/Mono/lib/Substance.Engine.Mobile
Fallback handler could not load library D:/Unity/2020.3.12f1/Editor/Data/Mono/lib/libSubstance.Engine.Mobile
Fallback handler could not load library D:/Unity/2020.3.12f1/Editor/Data/Mono/lib/libSubstance.Engine.Mobile.dll
Fallback handler could not load library D:/Unity/2020.3.12f1/Editor/Data/Mono/lib/libSubstance.Engine.Mobile
- Completed reload, in  5.220 seconds
Platform modules already initialized, skipping
Refreshing native plugins compatible for Editor in 0.65 ms, found 5 plugins.
Preloading 0 native plugins for Editor in 0.00 ms.
Unloading 1532 Unused Serialized files (Serialized files now loaded: 0)
System memory in use before: 89.0 MB.
System memory in use after: 88.7 MB.

Unloading 39 unused Assets to reduce memory usage. Loaded Objects now: 2027.
Total: 2.819200 ms (FindLiveObjects: 0.191400 ms CreateObjectMapping: 0.099200 ms MarkObjects: 1.926300 ms  DeleteObjects: 0.601200 ms)

AssetImportParameters requested are different than current active one (requested -> active):
  custom:framework-win-MediaFoundation: 216162199b28c13a410421893ffa2e32 -> 
  custom:video-decoder-ogg-theora: a1e56fd34408186e4bbccfd4996cb3dc -> 
  custom:container-muxer-webm: aa71ff27fc2769a1b78a27578f13a17b -> 
  custom:container-demuxer-webm: 4f35f7cbe854078d1ac9338744f61a02 -> 
  custom:container-demuxer-ogg: 62fdf1f143b41e24485cea50d1cbac27 -> 
  custom:video-encoder-webm-vp8: eb34c28f22e8b96e1ab97ce403110664 -> 
  custom:video-decoder-webm-vp8: 9c59270c3fd7afecdb556c50c9e8de78 -> 
  custom:audio-decoder-ogg-vorbis: bf7c407c2cedff20999df2af8eb42d56 -> 
  custom:audio-encoder-webm-vorbis: bf7c407c2cedff20999df2af8eb42d56 -> 
========================================================================
Received Import Request.
  Time since last request: 665.816864 seconds.
  path: Assets/Standard Assets/Characters/FirstPersonCharacter/Scripts/FadeTxt.cs
  artifactKey: Guid(115616daf129b5b41be27a3f11c36ff3) Importer(815301076,1909f56bfc062723c751e8b465ee728b)
Start importing Assets/Standard Assets/Characters/FirstPersonCharacter/Scripts/FadeTxt.cs using Guid(115616daf129b5b41be27a3f11c36ff3) Importer(815301076,1909f56bfc062723c751e8b465ee728b)  -> (artifact id: '80cc33d083598fb78a405677ef22359a') in 0.004672 seconds 
  Import took 0.007482 seconds .

========================================================================
Received Prepare
Registering precompiled user dll's ...
Registered in 0.004761 seconds.
Begin MonoManager ReloadAssembly
Fallback handler could not load library D:/Unity/2020.3.12f1/Editor/Data/Mono/lib/Substance.Engine.Mobile
Fallback handler could not load library D:/Unity/2020.3.12f1/Editor/Data/Mono/lib/Substance.Engine.Mobile.dll
Fallback handler could not load library D:/Unity/2020.3.12f1/Editor/Data/Mono/lib/Substance.Engine.Mobile
Fallback handler could not load library D:/Unity/2020.3.12f1/Editor/Data/Mono/lib/libSubstance.Engine.Mobile
Fallback handler could not load library D:/Unity/2020.3.12f1/Editor/Data/Mono/lib/libSubstance.Engine.Mobile.dll
Fallback handler could not load library D:/Unity/2020.3.12f1/Editor/Data/Mono/lib/libSubstance.Engine.Mobile
Fallback handler could not load library D:/Unity/2020.3.12f1/Editor/Data/Mono/lib/libdl.dylib
Fallback handler could not load library D:/Unity/2020.3.12f1/Editor/Data/Mono/lib/libdl.dylib.dll
Fallback handler could not load library D:/Unity/2020.3.12f1/Editor/Data/Mono/lib/libdl.dylib
Native extension for WindowsStandalone target not found
Refreshing native plugins compatible for Editor in 0.62 ms, found 5 plugins.
Preloading 0 native plugins for Editor in 0.00 ms.
2021-07-09 02:59:55|Fatal|WebSocket.connect|System.Net.Sockets.SocketException (0x80004005): Aucune connexion n’a pu être établie car l’ordinateur cible l’a expressément refusée.
                          Mono: successfully reloaded assembly
Fallback handler could not load library D:/Unity/2020.3.12f1/Editor/Data/Mono/lib/Substance.Engine.Mobile
Fallback handler could not load library D:/Unity/2020.3.12f1/Editor/Data/Mono/lib/Substance.Engine.Mobile.dll
Fallback handler could not load library D:/Unity/2020.3.12f1/Editor/Data/Mono/lib/Substance.Engine.Mobile
Fallback handler could not load library D:/Unity/2020.3.12f1/Editor/Data/Mono/lib/libSubstance.Engine.Mobile
Fallback handler could not load library D:/Unity/2020.3.12f1/Editor/Data/Mono/lib/libSubstance.Engine.Mobile.dll
Fallback handler could not load library D:/Unity/2020.3.12f1/Editor/Data/Mono/lib/libSubstance.Engine.Mobile
Fallback handler could not load library D:/Unity/2020.3.12f1/Editor/Data/Mono/lib/libdl.dylib
Fallback handler could not load library D:/Unity/2020.3.12f1/Editor/Data/Mono/lib/libdl.dylib.dll
Fallback handler could not load library D:/Unity/2020.3.12f1/Editor/Data/Mono/lib/libdl.dylib
Fallback handler could not load library D:/Unity/2020.3.12f1/Editor/Data/Mono/lib/libdl.dylib
Fallback handler could not load library D:/Unity/2020.3.12f1/Editor/Data/Mono/lib/libdl.dylib.dll
Fallback handler could not load library D:/Unity/2020.3.12f1/Editor/Data/Mono/lib/libdl.dylib
Fallback handler could not load library D:/Unity/2020.3.12f1/Editor/Data/Mono/lib/Substance.Engine.Mobile
Fallback handler could not load library D:/Unity/2020.3.12f1/Editor/Data/Mono/lib/Substance.Engine.Mobile.dll
Fallback handler could not load library D:/Unity/2020.3.12f1/Editor/Data/Mono/lib/Substance.Engine.Mobile
Fallback handler could not load library D:/Unity/2020.3.12f1/Editor/Data/Mono/lib/libSubstance.Engine.Mobile
Fallback handler could not load library D:/Unity/2020.3.12f1/Editor/Data/Mono/lib/libSubstance.Engine.Mobile.dll
Fallback handler could not load library D:/Unity/2020.3.12f1/Editor/Data/Mono/lib/libSubstance.Engine.Mobile
Fallback handler could not load library D:/Unity/2020.3.12f1/Editor/Data/Mono/lib/Substance.Engine.Mobile
Fallback handler could not load library D:/Unity/2020.3.12f1/Editor/Data/Mono/lib/Substance.Engine.Mobile.dll
Fallback handler could not load library D:/Unity/2020.3.12f1/Editor/Data/Mono/lib/Substance.Engine.Mobile
Fallback handler could not load library D:/Unity/2020.3.12f1/Editor/Data/Mono/lib/libSubstance.Engine.Mobile
Fallback handler could not load library D:/Unity/2020.3.12f1/Editor/Data/Mono/lib/libSubstance.Engine.Mobile.dll
Fallback handler could not load library D:/Unity/2020.3.12f1/Editor/Data/Mono/lib/libSubstance.Engine.Mobile
- Completed reload, in  5.232 seconds
Platform modules already initialized, skipping
Refreshing native plugins compatible for Editor in 0.65 ms, found 5 plugins.
Preloading 0 native plugins for Editor in 0.00 ms.
Unloading 1532 Unused Serialized files (Serialized files now loaded: 0)
System memory in use before: 89.0 MB.
System memory in use after: 88.7 MB.

Unloading 39 unused Assets to reduce memory usage. Loaded Objects now: 2030.
Total: 2.594300 ms (FindLiveObjects: 0.170000 ms CreateObjectMapping: 0.056200 ms MarkObjects: 1.963300 ms  DeleteObjects: 0.403600 ms)

AssetImportParameters requested are different than current active one (requested -> active):
  custom:framework-win-MediaFoundation: 216162199b28c13a410421893ffa2e32 -> 
  custom:video-decoder-ogg-theora: a1e56fd34408186e4bbccfd4996cb3dc -> 
  custom:container-muxer-webm: aa71ff27fc2769a1b78a27578f13a17b -> 
  custom:container-demuxer-webm: 4f35f7cbe854078d1ac9338744f61a02 -> 
  custom:container-demuxer-ogg: 62fdf1f143b41e24485cea50d1cbac27 -> 
  custom:video-encoder-webm-vp8: eb34c28f22e8b96e1ab97ce403110664 -> 
  custom:video-decoder-webm-vp8: 9c59270c3fd7afecdb556c50c9e8de78 -> 
  custom:audio-decoder-ogg-vorbis: bf7c407c2cedff20999df2af8eb42d56 -> 
  custom:audio-encoder-webm-vorbis: bf7c407c2cedff20999df2af8eb42d56 -> 
========================================================================
Received Prepare
Registering precompiled user dll's ...
Registered in 0.005603 seconds.
Begin MonoManager ReloadAssembly
Fallback handler could not load library D:/Unity/2020.3.12f1/Editor/Data/Mono/lib/Substance.Engine.Mobile
Fallback handler could not load library D:/Unity/2020.3.12f1/Editor/Data/Mono/lib/Substance.Engine.Mobile.dll
Fallback handler could not load library D:/Unity/2020.3.12f1/Editor/Data/Mono/lib/Substance.Engine.Mobile
Fallback handler could not load library D:/Unity/2020.3.12f1/Editor/Data/Mono/lib/libSubstance.Engine.Mobile
Fallback handler could not load library D:/Unity/2020.3.12f1/Editor/Data/Mono/lib/libSubstance.Engine.Mobile.dll
Fallback handler could not load library D:/Unity/2020.3.12f1/Editor/Data/Mono/lib/libSubstance.Engine.Mobile
Fallback handler could not load library D:/Unity/2020.3.12f1/Editor/Data/Mono/lib/libdl.dylib
Fallback handler could not load library D:/Unity/2020.3.12f1/Editor/Data/Mono/lib/libdl.dylib.dll
Fallback handler could not load library D:/Unity/2020.3.12f1/Editor/Data/Mono/lib/libdl.dylib
Native extension for WindowsStandalone target not found
Refreshing native plugins compatible for Editor in 0.66 ms, found 5 plugins.
Preloading 0 native plugins for Editor in 0.00 ms.
2021-07-09 03:01:55|Fatal|WebSocket.connect|System.Net.Sockets.SocketException (0x80004005): Aucune connexion n’a pu être établie car l’ordinateur cible l’a expressément refusée.
                          Mono: successfully reloaded assembly
Fallback handler could not load library D:/Unity/2020.3.12f1/Editor/Data/Mono/lib/Substance.Engine.Mobile
Fallback handler could not load library D:/Unity/2020.3.12f1/Editor/Data/Mono/lib/Substance.Engine.Mobile.dll
Fallback handler could not load library D:/Unity/2020.3.12f1/Editor/Data/Mono/lib/Substance.Engine.Mobile
Fallback handler could not load library D:/Unity/2020.3.12f1/Editor/Data/Mono/lib/libSubstance.Engine.Mobile
Fallback handler could not load library D:/Unity/2020.3.12f1/Editor/Data/Mono/lib/libSubstance.Engine.Mobile.dll
Fallback handler could not load library D:/Unity/2020.3.12f1/Editor/Data/Mono/lib/libSubstance.Engine.Mobile
Fallback handler could not load library D:/Unity/2020.3.12f1/Editor/Data/Mono/lib/libdl.dylib
Fallback handler could not load library D:/Unity/2020.3.12f1/Editor/Data/Mono/lib/libdl.dylib.dll
Fallback handler could not load library D:/Unity/2020.3.12f1/Editor/Data/Mono/lib/libdl.dylib
Fallback handler could not load library D:/Unity/2020.3.12f1/Editor/Data/Mono/lib/libdl.dylib
Fallback handler could not load library D:/Unity/2020.3.12f1/Editor/Data/Mono/lib/libdl.dylib.dll
Fallback handler could not load library D:/Unity/2020.3.12f1/Editor/Data/Mono/lib/libdl.dylib
Fallback handler could not load library D:/Unity/2020.3.12f1/Editor/Data/Mono/lib/Substance.Engine.Mobile
Fallback handler could not load library D:/Unity/2020.3.12f1/Editor/Data/Mono/lib/Substance.Engine.Mobile.dll
Fallback handler could not load library D:/Unity/2020.3.12f1/Editor/Data/Mono/lib/Substance.Engine.Mobile
Fallback handler could not load library D:/Unity/2020.3.12f1/Editor/Data/Mono/lib/libSubstance.Engine.Mobile
Fallback handler could not load library D:/Unity/2020.3.12f1/Editor/Data/Mono/lib/libSubstance.Engine.Mobile.dll
Fallback handler could not load library D:/Unity/2020.3.12f1/Editor/Data/Mono/lib/libSubstance.Engine.Mobile
Fallback handler could not load library D:/Unity/2020.3.12f1/Editor/Data/Mono/lib/Substance.Engine.Mobile
Fallback handler could not load library D:/Unity/2020.3.12f1/Editor/Data/Mono/lib/Substance.Engine.Mobile.dll
Fallback handler could not load library D:/Unity/2020.3.12f1/Editor/Data/Mono/lib/Substance.Engine.Mobile
Fallback handler could not load library D:/Unity/2020.3.12f1/Editor/Data/Mono/lib/libSubstance.Engine.Mobile
Fallback handler could not load library D:/Unity/2020.3.12f1/Editor/Data/Mono/lib/libSubstance.Engine.Mobile.dll
Fallback handler could not load library D:/Unity/2020.3.12f1/Editor/Data/Mono/lib/libSubstance.Engine.Mobile
- Completed reload, in  5.215 seconds
Platform modules already initialized, skipping
Refreshing native plugins compatible for Editor in 0.63 ms, found 5 plugins.
Preloading 0 native plugins for Editor in 0.00 ms.
Unloading 1532 Unused Serialized files (Serialized files now loaded: 0)
System memory in use before: 89.0 MB.
System memory in use after: 88.7 MB.

Unloading 39 unused Assets to reduce memory usage. Loaded Objects now: 2033.
Total: 2.987200 ms (FindLiveObjects: 0.224400 ms CreateObjectMapping: 0.055600 ms MarkObjects: 2.273200 ms  DeleteObjects: 0.433000 ms)

AssetImportParameters requested are different than current active one (requested -> active):
  custom:framework-win-MediaFoundation: 216162199b28c13a410421893ffa2e32 -> 
  custom:video-decoder-ogg-theora: a1e56fd34408186e4bbccfd4996cb3dc -> 
  custom:container-muxer-webm: aa71ff27fc2769a1b78a27578f13a17b -> 
  custom:container-demuxer-webm: 4f35f7cbe854078d1ac9338744f61a02 -> 
  custom:container-demuxer-ogg: 62fdf1f143b41e24485cea50d1cbac27 -> 
  custom:video-encoder-webm-vp8: eb34c28f22e8b96e1ab97ce403110664 -> 
  custom:video-decoder-webm-vp8: 9c59270c3fd7afecdb556c50c9e8de78 -> 
  custom:audio-decoder-ogg-vorbis: bf7c407c2cedff20999df2af8eb42d56 -> 
  custom:audio-encoder-webm-vorbis: bf7c407c2cedff20999df2af8eb42d56 -> 
========================================================================
Received Prepare
Registering precompiled user dll's ...
Registered in 0.008222 seconds.
Begin MonoManager ReloadAssembly
Fallback handler could not load library D:/Unity/2020.3.12f1/Editor/Data/Mono/lib/Substance.Engine.Mobile
Fallback handler could not load library D:/Unity/2020.3.12f1/Editor/Data/Mono/lib/Substance.Engine.Mobile.dll
Fallback handler could not load library D:/Unity/2020.3.12f1/Editor/Data/Mono/lib/Substance.Engine.Mobile
Fallback handler could not load library D:/Unity/2020.3.12f1/Editor/Data/Mono/lib/libSubstance.Engine.Mobile
Fallback handler could not load library D:/Unity/2020.3.12f1/Editor/Data/Mono/lib/libSubstance.Engine.Mobile.dll
Fallback handler could not load library D:/Unity/2020.3.12f1/Editor/Data/Mono/lib/libSubstance.Engine.Mobile
Fallback handler could not load library D:/Unity/2020.3.12f1/Editor/Data/Mono/lib/libdl.dylib
Fallback handler could not load library D:/Unity/2020.3.12f1/Editor/Data/Mono/lib/libdl.dylib.dll
Fallback handler could not load library D:/Unity/2020.3.12f1/Editor/Data/Mono/lib/libdl.dylib
Native extension for WindowsStandalone target not found
Refreshing native plugins compatible for Editor in 0.81 ms, found 5 plugins.
Preloading 0 native plugins for Editor in 0.00 ms.
2021-07-09 03:03:37|Fatal|WebSocket.connect|System.Net.Sockets.SocketException (0x80004005): Aucune connexion n’a pu être établie car l’ordinateur cible l’a expressément refusée.
                          Mono: successfully reloaded assembly
Fallback handler could not load library D:/Unity/2020.3.12f1/Editor/Data/Mono/lib/Substance.Engine.Mobile
Fallback handler could not load library D:/Unity/2020.3.12f1/Editor/Data/Mono/lib/Substance.Engine.Mobile.dll
Fallback handler could not load library D:/Unity/2020.3.12f1/Editor/Data/Mono/lib/Substance.Engine.Mobile
Fallback handler could not load library D:/Unity/2020.3.12f1/Editor/Data/Mono/lib/libSubstance.Engine.Mobile
Fallback handler could not load library D:/Unity/2020.3.12f1/Editor/Data/Mono/lib/libSubstance.Engine.Mobile.dll
Fallback handler could not load library D:/Unity/2020.3.12f1/Editor/Data/Mono/lib/libSubstance.Engine.Mobile
Fallback handler could not load library D:/Unity/2020.3.12f1/Editor/Data/Mono/lib/libdl.dylib
Fallback handler could not load library D:/Unity/2020.3.12f1/Editor/Data/Mono/lib/libdl.dylib.dll
Fallback handler could not load library D:/Unity/2020.3.12f1/Editor/Data/Mono/lib/libdl.dylib
Fallback handler could not load library D:/Unity/2020.3.12f1/Editor/Data/Mono/lib/libdl.dylib
Fallback handler could not load library D:/Unity/2020.3.12f1/Editor/Data/Mono/lib/libdl.dylib.dll
Fallback handler could not load library D:/Unity/2020.3.12f1/Editor/Data/Mono/lib/libdl.dylib
Fallback handler could not load library D:/Unity/2020.3.12f1/Editor/Data/Mono/lib/Substance.Engine.Mobile
Fallback handler could not load library D:/Unity/2020.3.12f1/Editor/Data/Mono/lib/Substance.Engine.Mobile.dll
Fallback handler could not load library D:/Unity/2020.3.12f1/Editor/Data/Mono/lib/Substance.Engine.Mobile
Fallback handler could not load library D:/Unity/2020.3.12f1/Editor/Data/Mono/lib/libSubstance.Engine.Mobile
Fallback handler could not load library D:/Unity/2020.3.12f1/Editor/Data/Mono/lib/libSubstance.Engine.Mobile.dll
Fallback handler could not load library D:/Unity/2020.3.12f1/Editor/Data/Mono/lib/libSubstance.Engine.Mobile
Fallback handler could not load library D:/Unity/2020.3.12f1/Editor/Data/Mono/lib/Substance.Engine.Mobile
Fallback handler could not load library D:/Unity/2020.3.12f1/Editor/Data/Mono/lib/Substance.Engine.Mobile.dll
Fallback handler could not load library D:/Unity/2020.3.12f1/Editor/Data/Mono/lib/Substance.Engine.Mobile
Fallback handler could not load library D:/Unity/2020.3.12f1/Editor/Data/Mono/lib/libSubstance.Engine.Mobile
Fallback handler could not load library D:/Unity/2020.3.12f1/Editor/Data/Mono/lib/libSubstance.Engine.Mobile.dll
Fallback handler could not load library D:/Unity/2020.3.12f1/Editor/Data/Mono/lib/libSubstance.Engine.Mobile
- Completed reload, in  5.344 seconds
Platform modules already initialized, skipping
Refreshing native plugins compatible for Editor in 0.70 ms, found 5 plugins.
Preloading 0 native plugins for Editor in 0.00 ms.
Unloading 1532 Unused Serialized files (Serialized files now loaded: 0)
System memory in use before: 89.0 MB.
System memory in use after: 88.7 MB.

Unloading 39 unused Assets to reduce memory usage. Loaded Objects now: 2036.
Total: 2.413000 ms (FindLiveObjects: 0.164900 ms CreateObjectMapping: 0.054500 ms MarkObjects: 1.808000 ms  DeleteObjects: 0.384600 ms)

AssetImportParameters requested are different than current active one (requested -> active):
  custom:framework-win-MediaFoundation: 216162199b28c13a410421893ffa2e32 -> 
  custom:video-decoder-ogg-theora: a1e56fd34408186e4bbccfd4996cb3dc -> 
  custom:container-muxer-webm: aa71ff27fc2769a1b78a27578f13a17b -> 
  custom:container-demuxer-webm: 4f35f7cbe854078d1ac9338744f61a02 -> 
  custom:container-demuxer-ogg: 62fdf1f143b41e24485cea50d1cbac27 -> 
  custom:video-encoder-webm-vp8: eb34c28f22e8b96e1ab97ce403110664 -> 
  custom:video-decoder-webm-vp8: 9c59270c3fd7afecdb556c50c9e8de78 -> 
  custom:audio-decoder-ogg-vorbis: bf7c407c2cedff20999df2af8eb42d56 -> 
  custom:audio-encoder-webm-vorbis: bf7c407c2cedff20999df2af8eb42d56 -> 
========================================================================
Received Prepare
Registering precompiled user dll's ...
Registered in 0.007100 seconds.
Begin MonoManager ReloadAssembly
Fallback handler could not load library D:/Unity/2020.3.12f1/Editor/Data/Mono/lib/Substance.Engine.Mobile
Fallback handler could not load library D:/Unity/2020.3.12f1/Editor/Data/Mono/lib/Substance.Engine.Mobile.dll
Fallback handler could not load library D:/Unity/2020.3.12f1/Editor/Data/Mono/lib/Substance.Engine.Mobile
Fallback handler could not load library D:/Unity/2020.3.12f1/Editor/Data/Mono/lib/libSubstance.Engine.Mobile
Fallback handler could not load library D:/Unity/2020.3.12f1/Editor/Data/Mono/lib/libSubstance.Engine.Mobile.dll
Fallback handler could not load library D:/Unity/2020.3.12f1/Editor/Data/Mono/lib/libSubstance.Engine.Mobile
Fallback handler could not load library D:/Unity/2020.3.12f1/Editor/Data/Mono/lib/libdl.dylib
Fallback handler could not load library D:/Unity/2020.3.12f1/Editor/Data/Mono/lib/libdl.dylib.dll
Fallback handler could not load library D:/Unity/2020.3.12f1/Editor/Data/Mono/lib/libdl.dylib
Native extension for WindowsStandalone target not found
Refreshing native plugins compatible for Editor in 0.74 ms, found 5 plugins.
Preloading 0 native plugins for Editor in 0.00 ms.
2021-07-09 03:03:46|Fatal|WebSocket.connect|System.Net.Sockets.SocketException (0x80004005): Aucune connexion n’a pu être établie car l’ordinateur cible l’a expressément refusée.
                          Mono: successfully reloaded assembly
Fallback handler could not load library D:/Unity/2020.3.12f1/Editor/Data/Mono/lib/Substance.Engine.Mobile
Fallback handler could not load library D:/Unity/2020.3.12f1/Editor/Data/Mono/lib/Substance.Engine.Mobile.dll
Fallback handler could not load library D:/Unity/2020.3.12f1/Editor/Data/Mono/lib/Substance.Engine.Mobile
Fallback handler could not load library D:/Unity/2020.3.12f1/Editor/Data/Mono/lib/libSubstance.Engine.Mobile
Fallback handler could not load library D:/Unity/2020.3.12f1/Editor/Data/Mono/lib/libSubstance.Engine.Mobile.dll
Fallback handler could not load library D:/Unity/2020.3.12f1/Editor/Data/Mono/lib/libSubstance.Engine.Mobile
Fallback handler could not load library D:/Unity/2020.3.12f1/Editor/Data/Mono/lib/libdl.dylib
Fallback handler could not load library D:/Unity/2020.3.12f1/Editor/Data/Mono/lib/libdl.dylib.dll
Fallback handler could not load library D:/Unity/2020.3.12f1/Editor/Data/Mono/lib/libdl.dylib
Fallback handler could not load library D:/Unity/2020.3.12f1/Editor/Data/Mono/lib/libdl.dylib
Fallback handler could not load library D:/Unity/2020.3.12f1/Editor/Data/Mono/lib/libdl.dylib.dll
Fallback handler could not load library D:/Unity/2020.3.12f1/Editor/Data/Mono/lib/libdl.dylib
Fallback handler could not load library D:/Unity/2020.3.12f1/Editor/Data/Mono/lib/Substance.Engine.Mobile
Fallback handler could not load library D:/Unity/2020.3.12f1/Editor/Data/Mono/lib/Substance.Engine.Mobile.dll
Fallback handler could not load library D:/Unity/2020.3.12f1/Editor/Data/Mono/lib/Substance.Engine.Mobile
Fallback handler could not load library D:/Unity/2020.3.12f1/Editor/Data/Mono/lib/libSubstance.Engine.Mobile
Fallback handler could not load library D:/Unity/2020.3.12f1/Editor/Data/Mono/lib/libSubstance.Engine.Mobile.dll
Fallback handler could not load library D:/Unity/2020.3.12f1/Editor/Data/Mono/lib/libSubstance.Engine.Mobile
Fallback handler could not load library D:/Unity/2020.3.12f1/Editor/Data/Mono/lib/Substance.Engine.Mobile
Fallback handler could not load library D:/Unity/2020.3.12f1/Editor/Data/Mono/lib/Substance.Engine.Mobile.dll
Fallback handler could not load library D:/Unity/2020.3.12f1/Editor/Data/Mono/lib/Substance.Engine.Mobile
Fallback handler could not load library D:/Unity/2020.3.12f1/Editor/Data/Mono/lib/libSubstance.Engine.Mobile
Fallback handler could not load library D:/Unity/2020.3.12f1/Editor/Data/Mono/lib/libSubstance.Engine.Mobile.dll
Fallback handler could not load library D:/Unity/2020.3.12f1/Editor/Data/Mono/lib/libSubstance.Engine.Mobile
- Completed reload, in  5.899 seconds
Platform modules already initialized, skipping
Refreshing native plugins compatible for Editor in 0.76 ms, found 5 plugins.
Preloading 0 native plugins for Editor in 0.00 ms.
Unloading 1532 Unused Serialized files (Serialized files now loaded: 0)
System memory in use before: 89.0 MB.
System memory in use after: 88.7 MB.

Unloading 39 unused Assets to reduce memory usage. Loaded Objects now: 2039.
Total: 3.029600 ms (FindLiveObjects: 0.178900 ms CreateObjectMapping: 0.058600 ms MarkObjects: 2.356700 ms  DeleteObjects: 0.434000 ms)

AssetImportParameters requested are different than current active one (requested -> active):
  custom:framework-win-MediaFoundation: 216162199b28c13a410421893ffa2e32 -> 
  custom:video-decoder-ogg-theora: a1e56fd34408186e4bbccfd4996cb3dc -> 
  custom:container-muxer-webm: aa71ff27fc2769a1b78a27578f13a17b -> 
  custom:container-demuxer-webm: 4f35f7cbe854078d1ac9338744f61a02 -> 
  custom:container-demuxer-ogg: 62fdf1f143b41e24485cea50d1cbac27 -> 
  custom:video-encoder-webm-vp8: eb34c28f22e8b96e1ab97ce403110664 -> 
  custom:video-decoder-webm-vp8: 9c59270c3fd7afecdb556c50c9e8de78 -> 
  custom:audio-decoder-ogg-vorbis: bf7c407c2cedff20999df2af8eb42d56 -> 
  custom:audio-encoder-webm-vorbis: bf7c407c2cedff20999df2af8eb42d56 -> 
========================================================================
Received Prepare
Registering precompiled user dll's ...
Registered in 0.008812 seconds.
Begin MonoManager ReloadAssembly
Fallback handler could not load library D:/Unity/2020.3.12f1/Editor/Data/Mono/lib/Substance.Engine.Mobile
Fallback handler could not load library D:/Unity/2020.3.12f1/Editor/Data/Mono/lib/Substance.Engine.Mobile.dll
Fallback handler could not load library D:/Unity/2020.3.12f1/Editor/Data/Mono/lib/Substance.Engine.Mobile
Fallback handler could not load library D:/Unity/2020.3.12f1/Editor/Data/Mono/lib/libSubstance.Engine.Mobile
Fallback handler could not load library D:/Unity/2020.3.12f1/Editor/Data/Mono/lib/libSubstance.Engine.Mobile.dll
Fallback handler could not load library D:/Unity/2020.3.12f1/Editor/Data/Mono/lib/libSubstance.Engine.Mobile
Fallback handler could not load library D:/Unity/2020.3.12f1/Editor/Data/Mono/lib/libdl.dylib
Fallback handler could not load library D:/Unity/2020.3.12f1/Editor/Data/Mono/lib/libdl.dylib.dll
Fallback handler could not load library D:/Unity/2020.3.12f1/Editor/Data/Mono/lib/libdl.dylib
Native extension for WindowsStandalone target not found
Refreshing native plugins compatible for Editor in 0.79 ms, found 5 plugins.
Preloading 0 native plugins for Editor in 0.00 ms.
2021-07-09 03:04:09|Fatal|WebSocket.connect|System.Net.Sockets.SocketException (0x80004005): Aucune connexion n’a pu être établie car l’ordinateur cible l’a expressément refusée.
                          Mono: successfully reloaded assembly
Fallback handler could not load library D:/Unity/2020.3.12f1/Editor/Data/Mono/lib/Substance.Engine.Mobile
Fallback handler could not load library D:/Unity/2020.3.12f1/Editor/Data/Mono/lib/Substance.Engine.Mobile.dll
Fallback handler could not load library D:/Unity/2020.3.12f1/Editor/Data/Mono/lib/Substance.Engine.Mobile
Fallback handler could not load library D:/Unity/2020.3.12f1/Editor/Data/Mono/lib/libSubstance.Engine.Mobile
Fallback handler could not load library D:/Unity/2020.3.12f1/Editor/Data/Mono/lib/libSubstance.Engine.Mobile.dll
Fallback handler could not load library D:/Unity/2020.3.12f1/Editor/Data/Mono/lib/libSubstance.Engine.Mobile
Fallback handler could not load library D:/Unity/2020.3.12f1/Editor/Data/Mono/lib/libdl.dylib
Fallback handler could not load library D:/Unity/2020.3.12f1/Editor/Data/Mono/lib/libdl.dylib.dll
Fallback handler could not load library D:/Unity/2020.3.12f1/Editor/Data/Mono/lib/libdl.dylib
Fallback handler could not load library D:/Unity/2020.3.12f1/Editor/Data/Mono/lib/libdl.dylib
Fallback handler could not load library D:/Unity/2020.3.12f1/Editor/Data/Mono/lib/libdl.dylib.dll
Fallback handler could not load library D:/Unity/2020.3.12f1/Editor/Data/Mono/lib/libdl.dylib
Fallback handler could not load library D:/Unity/2020.3.12f1/Editor/Data/Mono/lib/Substance.Engine.Mobile
Fallback handler could not load library D:/Unity/2020.3.12f1/Editor/Data/Mono/lib/Substance.Engine.Mobile.dll
Fallback handler could not load library D:/Unity/2020.3.12f1/Editor/Data/Mono/lib/Substance.Engine.Mobile
Fallback handler could not load library D:/Unity/2020.3.12f1/Editor/Data/Mono/lib/libSubstance.Engine.Mobile
Fallback handler could not load library D:/Unity/2020.3.12f1/Editor/Data/Mono/lib/libSubstance.Engine.Mobile.dll
Fallback handler could not load library D:/Unity/2020.3.12f1/Editor/Data/Mono/lib/libSubstance.Engine.Mobile
Fallback handler could not load library D:/Unity/2020.3.12f1/Editor/Data/Mono/lib/Substance.Engine.Mobile
Fallback handler could not load library D:/Unity/2020.3.12f1/Editor/Data/Mono/lib/Substance.Engine.Mobile.dll
Fallback handler could not load library D:/Unity/2020.3.12f1/Editor/Data/Mono/lib/Substance.Engine.Mobile
Fallback handler could not load library D:/Unity/2020.3.12f1/Editor/Data/Mono/lib/libSubstance.Engine.Mobile
Fallback handler could not load library D:/Unity/2020.3.12f1/Editor/Data/Mono/lib/libSubstance.Engine.Mobile.dll
Fallback handler could not load library D:/Unity/2020.3.12f1/Editor/Data/Mono/lib/libSubstance.Engine.Mobile
- Completed reload, in  5.638 seconds
Platform modules already initialized, skipping
Refreshing native plugins compatible for Editor in 0.64 ms, found 5 plugins.
Preloading 0 native plugins for Editor in 0.00 ms.
Unloading 1532 Unused Serialized files (Serialized files now loaded: 0)
System memory in use before: 89.0 MB.
System memory in use after: 88.8 MB.

Unloading 39 unused Assets to reduce memory usage. Loaded Objects now: 2042.
Total: 3.408800 ms (FindLiveObjects: 0.246600 ms CreateObjectMapping: 0.131300 ms MarkObjects: 2.381100 ms  DeleteObjects: 0.648500 ms)

AssetImportParameters requested are different than current active one (requested -> active):
  custom:framework-win-MediaFoundation: 216162199b28c13a410421893ffa2e32 -> 
  custom:video-decoder-ogg-theora: a1e56fd34408186e4bbccfd4996cb3dc -> 
  custom:container-muxer-webm: aa71ff27fc2769a1b78a27578f13a17b -> 
  custom:container-demuxer-webm: 4f35f7cbe854078d1ac9338744f61a02 -> 
  custom:container-demuxer-ogg: 62fdf1f143b41e24485cea50d1cbac27 -> 
  custom:video-encoder-webm-vp8: eb34c28f22e8b96e1ab97ce403110664 -> 
  custom:video-decoder-webm-vp8: 9c59270c3fd7afecdb556c50c9e8de78 -> 
  custom:audio-decoder-ogg-vorbis: bf7c407c2cedff20999df2af8eb42d56 -> 
  custom:audio-encoder-webm-vorbis: bf7c407c2cedff20999df2af8eb42d56 -> 
========================================================================
Received Prepare
Registering precompiled user dll's ...
Registered in 0.005998 seconds.
Begin MonoManager ReloadAssembly
Fallback handler could not load library D:/Unity/2020.3.12f1/Editor/Data/Mono/lib/Substance.Engine.Mobile
Fallback handler could not load library D:/Unity/2020.3.12f1/Editor/Data/Mono/lib/Substance.Engine.Mobile.dll
Fallback handler could not load library D:/Unity/2020.3.12f1/Editor/Data/Mono/lib/Substance.Engine.Mobile
Fallback handler could not load library D:/Unity/2020.3.12f1/Editor/Data/Mono/lib/libSubstance.Engine.Mobile
Fallback handler could not load library D:/Unity/2020.3.12f1/Editor/Data/Mono/lib/libSubstance.Engine.Mobile.dll
Fallback handler could not load library D:/Unity/2020.3.12f1/Editor/Data/Mono/lib/libSubstance.Engine.Mobile
Fallback handler could not load library D:/Unity/2020.3.12f1/Editor/Data/Mono/lib/libdl.dylib
Fallback handler could not load library D:/Unity/2020.3.12f1/Editor/Data/Mono/lib/libdl.dylib.dll
Fallback handler could not load library D:/Unity/2020.3.12f1/Editor/Data/Mono/lib/libdl.dylib
Native extension for WindowsStandalone target not found
Refreshing native plugins compatible for Editor in 1.03 ms, found 5 plugins.
Preloading 0 native plugins for Editor in 0.00 ms.
2021-07-09 03:06:53|Fatal|WebSocket.connect|System.Net.Sockets.SocketException (0x80004005): Aucune connexion n’a pu être établie car l’ordinateur cible l’a expressément refusée.
                          Mono: successfully reloaded assembly
Fallback handler could not load library D:/Unity/2020.3.12f1/Editor/Data/Mono/lib/Substance.Engine.Mobile
Fallback handler could not load library D:/Unity/2020.3.12f1/Editor/Data/Mono/lib/Substance.Engine.Mobile.dll
Fallback handler could not load library D:/Unity/2020.3.12f1/Editor/Data/Mono/lib/Substance.Engine.Mobile
Fallback handler could not load library D:/Unity/2020.3.12f1/Editor/Data/Mono/lib/libSubstance.Engine.Mobile
Fallback handler could not load library D:/Unity/2020.3.12f1/Editor/Data/Mono/lib/libSubstance.Engine.Mobile.dll
Fallback handler could not load library D:/Unity/2020.3.12f1/Editor/Data/Mono/lib/libSubstance.Engine.Mobile
Fallback handler could not load library D:/Unity/2020.3.12f1/Editor/Data/Mono/lib/libdl.dylib
Fallback handler could not load library D:/Unity/2020.3.12f1/Editor/Data/Mono/lib/libdl.dylib.dll
Fallback handler could not load library D:/Unity/2020.3.12f1/Editor/Data/Mono/lib/libdl.dylib
Fallback handler could not load library D:/Unity/2020.3.12f1/Editor/Data/Mono/lib/libdl.dylib
Fallback handler could not load library D:/Unity/2020.3.12f1/Editor/Data/Mono/lib/libdl.dylib.dll
Fallback handler could not load library D:/Unity/2020.3.12f1/Editor/Data/Mono/lib/libdl.dylib
Fallback handler could not load library D:/Unity/2020.3.12f1/Editor/Data/Mono/lib/Substance.Engine.Mobile
Fallback handler could not load library D:/Unity/2020.3.12f1/Editor/Data/Mono/lib/Substance.Engine.Mobile.dll
Fallback handler could not load library D:/Unity/2020.3.12f1/Editor/Data/Mono/lib/Substance.Engine.Mobile
Fallback handler could not load library D:/Unity/2020.3.12f1/Editor/Data/Mono/lib/libSubstance.Engine.Mobile
Fallback handler could not load library D:/Unity/2020.3.12f1/Editor/Data/Mono/lib/libSubstance.Engine.Mobile.dll
Fallback handler could not load library D:/Unity/2020.3.12f1/Editor/Data/Mono/lib/libSubstance.Engine.Mobile
Fallback handler could not load library D:/Unity/2020.3.12f1/Editor/Data/Mono/lib/Substance.Engine.Mobile
Fallback handler could not load library D:/Unity/2020.3.12f1/Editor/Data/Mono/lib/Substance.Engine.Mobile.dll
Fallback handler could not load library D:/Unity/2020.3.12f1/Editor/Data/Mono/lib/Substance.Engine.Mobile
Fallback handler could not load library D:/Unity/2020.3.12f1/Editor/Data/Mono/lib/libSubstance.Engine.Mobile
Fallback handler could not load library D:/Unity/2020.3.12f1/Editor/Data/Mono/lib/libSubstance.Engine.Mobile.dll
Fallback handler could not load library D:/Unity/2020.3.12f1/Editor/Data/Mono/lib/libSubstance.Engine.Mobile
- Completed reload, in  6.741 seconds
Platform modules already initialized, skipping
Refreshing native plugins compatible for Editor in 0.86 ms, found 5 plugins.
Preloading 0 native plugins for Editor in 0.00 ms.
Unloading 1528 Unused Serialized files (Serialized files now loaded: 0)
System memory in use before: 88.9 MB.
System memory in use after: 88.7 MB.

Unloading 43 unused Assets to reduce memory usage. Loaded Objects now: 2041.
Total: 3.586900 ms (FindLiveObjects: 0.258400 ms CreateObjectMapping: 0.192000 ms MarkObjects: 2.385500 ms  DeleteObjects: 0.749700 ms)

AssetImportParameters requested are different than current active one (requested -> active):
  custom:framework-win-MediaFoundation: 216162199b28c13a410421893ffa2e32 -> 
  custom:video-decoder-ogg-theora: a1e56fd34408186e4bbccfd4996cb3dc -> 
  custom:container-muxer-webm: aa71ff27fc2769a1b78a27578f13a17b -> 
  custom:container-demuxer-webm: 4f35f7cbe854078d1ac9338744f61a02 -> 
  custom:container-demuxer-ogg: 62fdf1f143b41e24485cea50d1cbac27 -> 
  custom:video-encoder-webm-vp8: eb34c28f22e8b96e1ab97ce403110664 -> 
  custom:video-decoder-webm-vp8: 9c59270c3fd7afecdb556c50c9e8de78 -> 
  custom:audio-decoder-ogg-vorbis: bf7c407c2cedff20999df2af8eb42d56 -> 
  custom:audio-encoder-webm-vorbis: bf7c407c2cedff20999df2af8eb42d56 -> 
========================================================================
Received Prepare
Registering precompiled user dll's ...
Registered in 0.006030 seconds.
Begin MonoManager ReloadAssembly
Fallback handler could not load library D:/Unity/2020.3.12f1/Editor/Data/Mono/lib/Substance.Engine.Mobile
Fallback handler could not load library D:/Unity/2020.3.12f1/Editor/Data/Mono/lib/Substance.Engine.Mobile.dll
Fallback handler could not load library D:/Unity/2020.3.12f1/Editor/Data/Mono/lib/Substance.Engine.Mobile
Fallback handler could not load library D:/Unity/2020.3.12f1/Editor/Data/Mono/lib/libSubstance.Engine.Mobile
Fallback handler could not load library D:/Unity/2020.3.12f1/Editor/Data/Mono/lib/libSubstance.Engine.Mobile.dll
Fallback handler could not load library D:/Unity/2020.3.12f1/Editor/Data/Mono/lib/libSubstance.Engine.Mobile
Fallback handler could not load library D:/Unity/2020.3.12f1/Editor/Data/Mono/lib/libdl.dylib
Fallback handler could not load library D:/Unity/2020.3.12f1/Editor/Data/Mono/lib/libdl.dylib.dll
Fallback handler could not load library D:/Unity/2020.3.12f1/Editor/Data/Mono/lib/libdl.dylib
Native extension for WindowsStandalone target not found
Refreshing native plugins compatible for Editor in 0.73 ms, found 5 plugins.
Preloading 0 native plugins for Editor in 0.00 ms.
2021-07-09 03:07:25|Fatal|WebSocket.connect|System.Net.Sockets.SocketException (0x80004005): Aucune connexion n’a pu être établie car l’ordinateur cible l’a expressément refusée.
                          Mono: successfully reloaded assembly
Fallback handler could not load library D:/Unity/2020.3.12f1/Editor/Data/Mono/lib/Substance.Engine.Mobile
Fallback handler could not load library D:/Unity/2020.3.12f1/Editor/Data/Mono/lib/Substance.Engine.Mobile.dll
Fallback handler could not load library D:/Unity/2020.3.12f1/Editor/Data/Mono/lib/Substance.Engine.Mobile
Fallback handler could not load library D:/Unity/2020.3.12f1/Editor/Data/Mono/lib/libSubstance.Engine.Mobile
Fallback handler could not load library D:/Unity/2020.3.12f1/Editor/Data/Mono/lib/libSubstance.Engine.Mobile.dll
Fallback handler could not load library D:/Unity/2020.3.12f1/Editor/Data/Mono/lib/libSubstance.Engine.Mobile
Fallback handler could not load library D:/Unity/2020.3.12f1/Editor/Data/Mono/lib/libdl.dylib
Fallback handler could not load library D:/Unity/2020.3.12f1/Editor/Data/Mono/lib/libdl.dylib.dll
Fallback handler could not load library D:/Unity/2020.3.12f1/Editor/Data/Mono/lib/libdl.dylib
Fallback handler could not load library D:/Unity/2020.3.12f1/Editor/Data/Mono/lib/libdl.dylib
Fallback handler could not load library D:/Unity/2020.3.12f1/Editor/Data/Mono/lib/libdl.dylib.dll
Fallback handler could not load library D:/Unity/2020.3.12f1/Editor/Data/Mono/lib/libdl.dylib
Fallback handler could not load library D:/Unity/2020.3.12f1/Editor/Data/Mono/lib/Substance.Engine.Mobile
Fallback handler could not load library D:/Unity/2020.3.12f1/Editor/Data/Mono/lib/Substance.Engine.Mobile.dll
Fallback handler could not load library D:/Unity/2020.3.12f1/Editor/Data/Mono/lib/Substance.Engine.Mobile
Fallback handler could not load library D:/Unity/2020.3.12f1/Editor/Data/Mono/lib/libSubstance.Engine.Mobile
Fallback handler could not load library D:/Unity/2020.3.12f1/Editor/Data/Mono/lib/libSubstance.Engine.Mobile.dll
Fallback handler could not load library D:/Unity/2020.3.12f1/Editor/Data/Mono/lib/libSubstance.Engine.Mobile
Fallback handler could not load library D:/Unity/2020.3.12f1/Editor/Data/Mono/lib/Substance.Engine.Mobile
Fallback handler could not load library D:/Unity/2020.3.12f1/Editor/Data/Mono/lib/Substance.Engine.Mobile.dll
Fallback handler could not load library D:/Unity/2020.3.12f1/Editor/Data/Mono/lib/Substance.Engine.Mobile
Fallback handler could not load library D:/Unity/2020.3.12f1/Editor/Data/Mono/lib/libSubstance.Engine.Mobile
Fallback handler could not load library D:/Unity/2020.3.12f1/Editor/Data/Mono/lib/libSubstance.Engine.Mobile.dll
Fallback handler could not load library D:/Unity/2020.3.12f1/Editor/Data/Mono/lib/libSubstance.Engine.Mobile
- Completed reload, in  6.096 seconds
Platform modules already initialized, skipping
Refreshing native plugins compatible for Editor in 0.66 ms, found 5 plugins.
Preloading 0 native plugins for Editor in 0.00 ms.
Unloading 1528 Unused Serialized files (Serialized files now loaded: 0)
System memory in use before: 88.9 MB.
System memory in use after: 88.7 MB.

Unloading 39 unused Assets to reduce memory usage. Loaded Objects now: 2044.
Total: 2.818400 ms (FindLiveObjects: 0.217500 ms CreateObjectMapping: 0.120900 ms MarkObjects: 2.080200 ms  DeleteObjects: 0.398600 ms)

AssetImportParameters requested are different than current active one (requested -> active):
  custom:framework-win-MediaFoundation: 216162199b28c13a410421893ffa2e32 -> 
  custom:video-decoder-ogg-theora: a1e56fd34408186e4bbccfd4996cb3dc -> 
  custom:container-muxer-webm: aa71ff27fc2769a1b78a27578f13a17b -> 
  custom:container-demuxer-webm: 4f35f7cbe854078d1ac9338744f61a02 -> 
  custom:container-demuxer-ogg: 62fdf1f143b41e24485cea50d1cbac27 -> 
  custom:video-encoder-webm-vp8: eb34c28f22e8b96e1ab97ce403110664 -> 
  custom:video-decoder-webm-vp8: 9c59270c3fd7afecdb556c50c9e8de78 -> 
  custom:audio-decoder-ogg-vorbis: bf7c407c2cedff20999df2af8eb42d56 -> 
  custom:audio-encoder-webm-vorbis: bf7c407c2cedff20999df2af8eb42d56 -> 
========================================================================
Received Prepare
Registering precompiled user dll's ...
Registered in 0.005191 seconds.
Begin MonoManager ReloadAssembly
Fallback handler could not load library D:/Unity/2020.3.12f1/Editor/Data/Mono/lib/Substance.Engine.Mobile
Fallback handler could not load library D:/Unity/2020.3.12f1/Editor/Data/Mono/lib/Substance.Engine.Mobile.dll
Fallback handler could not load library D:/Unity/2020.3.12f1/Editor/Data/Mono/lib/Substance.Engine.Mobile
Fallback handler could not load library D:/Unity/2020.3.12f1/Editor/Data/Mono/lib/libSubstance.Engine.Mobile
Fallback handler could not load library D:/Unity/2020.3.12f1/Editor/Data/Mono/lib/libSubstance.Engine.Mobile.dll
Fallback handler could not load library D:/Unity/2020.3.12f1/Editor/Data/Mono/lib/libSubstance.Engine.Mobile
Fallback handler could not load library D:/Unity/2020.3.12f1/Editor/Data/Mono/lib/libdl.dylib
Fallback handler could not load library D:/Unity/2020.3.12f1/Editor/Data/Mono/lib/libdl.dylib.dll
Fallback handler could not load library D:/Unity/2020.3.12f1/Editor/Data/Mono/lib/libdl.dylib
Native extension for WindowsStandalone target not found
Refreshing native plugins compatible for Editor in 0.84 ms, found 5 plugins.
Preloading 0 native plugins for Editor in 0.00 ms.
2021-07-09 03:08:01|Fatal|WebSocket.connect|System.Net.Sockets.SocketException (0x80004005): Aucune connexion n’a pu être établie car l’ordinateur cible l’a expressément refusée.
                          Mono: successfully reloaded assembly
Fallback handler could not load library D:/Unity/2020.3.12f1/Editor/Data/Mono/lib/Substance.Engine.Mobile
Fallback handler could not load library D:/Unity/2020.3.12f1/Editor/Data/Mono/lib/Substance.Engine.Mobile.dll
Fallback handler could not load library D:/Unity/2020.3.12f1/Editor/Data/Mono/lib/Substance.Engine.Mobile
Fallback handler could not load library D:/Unity/2020.3.12f1/Editor/Data/Mono/lib/libSubstance.Engine.Mobile
Fallback handler could not load library D:/Unity/2020.3.12f1/Editor/Data/Mono/lib/libSubstance.Engine.Mobile.dll
Fallback handler could not load library D:/Unity/2020.3.12f1/Editor/Data/Mono/lib/libSubstance.Engine.Mobile
Fallback handler could not load library D:/Unity/2020.3.12f1/Editor/Data/Mono/lib/libdl.dylib
Fallback handler could not load library D:/Unity/2020.3.12f1/Editor/Data/Mono/lib/libdl.dylib.dll
Fallback handler could not load library D:/Unity/2020.3.12f1/Editor/Data/Mono/lib/libdl.dylib
Fallback handler could not load library D:/Unity/2020.3.12f1/Editor/Data/Mono/lib/libdl.dylib
Fallback handler could not load library D:/Unity/2020.3.12f1/Editor/Data/Mono/lib/libdl.dylib.dll
Fallback handler could not load library D:/Unity/2020.3.12f1/Editor/Data/Mono/lib/libdl.dylib
Fallback handler could not load library D:/Unity/2020.3.12f1/Editor/Data/Mono/lib/Substance.Engine.Mobile
Fallback handler could not load library D:/Unity/2020.3.12f1/Editor/Data/Mono/lib/Substance.Engine.Mobile.dll
Fallback handler could not load library D:/Unity/2020.3.12f1/Editor/Data/Mono/lib/Substance.Engine.Mobile
Fallback handler could not load library D:/Unity/2020.3.12f1/Editor/Data/Mono/lib/libSubstance.Engine.Mobile
Fallback handler could not load library D:/Unity/2020.3.12f1/Editor/Data/Mono/lib/libSubstance.Engine.Mobile.dll
Fallback handler could not load library D:/Unity/2020.3.12f1/Editor/Data/Mono/lib/libSubstance.Engine.Mobile
Fallback handler could not load library D:/Unity/2020.3.12f1/Editor/Data/Mono/lib/Substance.Engine.Mobile
Fallback handler could not load library D:/Unity/2020.3.12f1/Editor/Data/Mono/lib/Substance.Engine.Mobile.dll
Fallback handler could not load library D:/Unity/2020.3.12f1/Editor/Data/Mono/lib/Substance.Engine.Mobile
Fallback handler could not load library D:/Unity/2020.3.12f1/Editor/Data/Mono/lib/libSubstance.Engine.Mobile
Fallback handler could not load library D:/Unity/2020.3.12f1/Editor/Data/Mono/lib/libSubstance.Engine.Mobile.dll
Fallback handler could not load library D:/Unity/2020.3.12f1/Editor/Data/Mono/lib/libSubstance.Engine.Mobile
- Completed reload, in  5.371 seconds
Platform modules already initialized, skipping
Refreshing native plugins compatible for Editor in 0.64 ms, found 5 plugins.
Preloading 0 native plugins for Editor in 0.00 ms.
Unloading 1528 Unused Serialized files (Serialized files now loaded: 0)
System memory in use before: 89.0 MB.
System memory in use after: 88.7 MB.

Unloading 39 unused Assets to reduce memory usage. Loaded Objects now: 2047.
Total: 2.445000 ms (FindLiveObjects: 0.166600 ms CreateObjectMapping: 0.054900 ms MarkObjects: 1.829600 ms  DeleteObjects: 0.393000 ms)

AssetImportParameters requested are different than current active one (requested -> active):
  custom:framework-win-MediaFoundation: 216162199b28c13a410421893ffa2e32 -> 
  custom:video-decoder-ogg-theora: a1e56fd34408186e4bbccfd4996cb3dc -> 
  custom:container-muxer-webm: aa71ff27fc2769a1b78a27578f13a17b -> 
  custom:container-demuxer-webm: 4f35f7cbe854078d1ac9338744f61a02 -> 
  custom:container-demuxer-ogg: 62fdf1f143b41e24485cea50d1cbac27 -> 
  custom:video-encoder-webm-vp8: eb34c28f22e8b96e1ab97ce403110664 -> 
  custom:video-decoder-webm-vp8: 9c59270c3fd7afecdb556c50c9e8de78 -> 
  custom:audio-decoder-ogg-vorbis: bf7c407c2cedff20999df2af8eb42d56 -> 
  custom:audio-encoder-webm-vorbis: bf7c407c2cedff20999df2af8eb42d56 -> 
========================================================================
Received Prepare
Registering precompiled user dll's ...
Registered in 0.004016 seconds.
Begin MonoManager ReloadAssembly
Fallback handler could not load library D:/Unity/2020.3.12f1/Editor/Data/Mono/lib/Substance.Engine.Mobile
Fallback handler could not load library D:/Unity/2020.3.12f1/Editor/Data/Mono/lib/Substance.Engine.Mobile.dll
Fallback handler could not load library D:/Unity/2020.3.12f1/Editor/Data/Mono/lib/Substance.Engine.Mobile
Fallback handler could not load library D:/Unity/2020.3.12f1/Editor/Data/Mono/lib/libSubstance.Engine.Mobile
Fallback handler could not load library D:/Unity/2020.3.12f1/Editor/Data/Mono/lib/libSubstance.Engine.Mobile.dll
Fallback handler could not load library D:/Unity/2020.3.12f1/Editor/Data/Mono/lib/libSubstance.Engine.Mobile
Fallback handler could not load library D:/Unity/2020.3.12f1/Editor/Data/Mono/lib/libdl.dylib
Fallback handler could not load library D:/Unity/2020.3.12f1/Editor/Data/Mono/lib/libdl.dylib.dll
Fallback handler could not load library D:/Unity/2020.3.12f1/Editor/Data/Mono/lib/libdl.dylib
Native extension for WindowsStandalone target not found
Refreshing native plugins compatible for Editor in 0.64 ms, found 5 plugins.
Preloading 0 native plugins for Editor in 0.00 ms.
2021-07-09 03:10:03|Fatal|WebSocket.connect|System.Net.Sockets.SocketException (0x80004005): Aucune connexion n’a pu être établie car l’ordinateur cible l’a expressément refusée.
                          Mono: successfully reloaded assembly
Fallback handler could not load library D:/Unity/2020.3.12f1/Editor/Data/Mono/lib/Substance.Engine.Mobile
Fallback handler could not load library D:/Unity/2020.3.12f1/Editor/Data/Mono/lib/Substance.Engine.Mobile.dll
Fallback handler could not load library D:/Unity/2020.3.12f1/Editor/Data/Mono/lib/Substance.Engine.Mobile
Fallback handler could not load library D:/Unity/2020.3.12f1/Editor/Data/Mono/lib/libSubstance.Engine.Mobile
Fallback handler could not load library D:/Unity/2020.3.12f1/Editor/Data/Mono/lib/libSubstance.Engine.Mobile.dll
Fallback handler could not load library D:/Unity/2020.3.12f1/Editor/Data/Mono/lib/libSubstance.Engine.Mobile
Fallback handler could not load library D:/Unity/2020.3.12f1/Editor/Data/Mono/lib/libdl.dylib
Fallback handler could not load library D:/Unity/2020.3.12f1/Editor/Data/Mono/lib/libdl.dylib.dll
Fallback handler could not load library D:/Unity/2020.3.12f1/Editor/Data/Mono/lib/libdl.dylib
Fallback handler could not load library D:/Unity/2020.3.12f1/Editor/Data/Mono/lib/libdl.dylib
Fallback handler could not load library D:/Unity/2020.3.12f1/Editor/Data/Mono/lib/libdl.dylib.dll
Fallback handler could not load library D:/Unity/2020.3.12f1/Editor/Data/Mono/lib/libdl.dylib
Fallback handler could not load library D:/Unity/2020.3.12f1/Editor/Data/Mono/lib/Substance.Engine.Mobile
Fallback handler could not load library D:/Unity/2020.3.12f1/Editor/Data/Mono/lib/Substance.Engine.Mobile.dll
Fallback handler could not load library D:/Unity/2020.3.12f1/Editor/Data/Mono/lib/Substance.Engine.Mobile
Fallback handler could not load library D:/Unity/2020.3.12f1/Editor/Data/Mono/lib/libSubstance.Engine.Mobile
Fallback handler could not load library D:/Unity/2020.3.12f1/Editor/Data/Mono/lib/libSubstance.Engine.Mobile.dll
Fallback handler could not load library D:/Unity/2020.3.12f1/Editor/Data/Mono/lib/libSubstance.Engine.Mobile
Fallback handler could not load library D:/Unity/2020.3.12f1/Editor/Data/Mono/lib/Substance.Engine.Mobile
Fallback handler could not load library D:/Unity/2020.3.12f1/Editor/Data/Mono/lib/Substance.Engine.Mobile.dll
Fallback handler could not load library D:/Unity/2020.3.12f1/Editor/Data/Mono/lib/Substance.Engine.Mobile
Fallback handler could not load library D:/Unity/2020.3.12f1/Editor/Data/Mono/lib/libSubstance.Engine.Mobile
Fallback handler could not load library D:/Unity/2020.3.12f1/Editor/Data/Mono/lib/libSubstance.Engine.Mobile.dll
Fallback handler could not load library D:/Unity/2020.3.12f1/Editor/Data/Mono/lib/libSubstance.Engine.Mobile
- Completed reload, in  6.179 seconds
Platform modules already initialized, skipping
Refreshing native plugins compatible for Editor in 0.86 ms, found 5 plugins.
Preloading 0 native plugins for Editor in 0.00 ms.
Unloading 1528 Unused Serialized files (Serialized files now loaded: 0)
System memory in use before: 88.9 MB.
System memory in use after: 88.7 MB.

Unloading 39 unused Assets to reduce memory usage. Loaded Objects now: 2050.
Total: 2.479500 ms (FindLiveObjects: 0.157200 ms CreateObjectMapping: 0.053400 ms MarkObjects: 1.862600 ms  DeleteObjects: 0.405500 ms)

AssetImportParameters requested are different than current active one (requested -> active):
  custom:framework-win-MediaFoundation: 216162199b28c13a410421893ffa2e32 -> 
  custom:video-decoder-ogg-theora: a1e56fd34408186e4bbccfd4996cb3dc -> 
  custom:container-muxer-webm: aa71ff27fc2769a1b78a27578f13a17b -> 
  custom:container-demuxer-webm: 4f35f7cbe854078d1ac9338744f61a02 -> 
  custom:container-demuxer-ogg: 62fdf1f143b41e24485cea50d1cbac27 -> 
  custom:video-encoder-webm-vp8: eb34c28f22e8b96e1ab97ce403110664 -> 
  custom:video-decoder-webm-vp8: 9c59270c3fd7afecdb556c50c9e8de78 -> 
  custom:audio-decoder-ogg-vorbis: bf7c407c2cedff20999df2af8eb42d56 -> 
  custom:audio-encoder-webm-vorbis: bf7c407c2cedff20999df2af8eb42d56 -> 
========================================================================
Received Prepare
Registering precompiled user dll's ...
Registered in 0.004565 seconds.
Begin MonoManager ReloadAssembly
Fallback handler could not load library D:/Unity/2020.3.12f1/Editor/Data/Mono/lib/Substance.Engine.Mobile
Fallback handler could not load library D:/Unity/2020.3.12f1/Editor/Data/Mono/lib/Substance.Engine.Mobile.dll
Fallback handler could not load library D:/Unity/2020.3.12f1/Editor/Data/Mono/lib/Substance.Engine.Mobile
Fallback handler could not load library D:/Unity/2020.3.12f1/Editor/Data/Mono/lib/libSubstance.Engine.Mobile
Fallback handler could not load library D:/Unity/2020.3.12f1/Editor/Data/Mono/lib/libSubstance.Engine.Mobile.dll
Fallback handler could not load library D:/Unity/2020.3.12f1/Editor/Data/Mono/lib/libSubstance.Engine.Mobile
Fallback handler could not load library D:/Unity/2020.3.12f1/Editor/Data/Mono/lib/libdl.dylib
Fallback handler could not load library D:/Unity/2020.3.12f1/Editor/Data/Mono/lib/libdl.dylib.dll
Fallback handler could not load library D:/Unity/2020.3.12f1/Editor/Data/Mono/lib/libdl.dylib
Native extension for WindowsStandalone target not found
Refreshing native plugins compatible for Editor in 0.66 ms, found 5 plugins.
Preloading 0 native plugins for Editor in 0.00 ms.
2021-07-09 03:10:29|Fatal|WebSocket.connect|System.Net.Sockets.SocketException (0x80004005): Aucune connexion n’a pu être établie car l’ordinateur cible l’a expressément refusée.
                          Mono: successfully reloaded assembly
Fallback handler could not load library D:/Unity/2020.3.12f1/Editor/Data/Mono/lib/Substance.Engine.Mobile
Fallback handler could not load library D:/Unity/2020.3.12f1/Editor/Data/Mono/lib/Substance.Engine.Mobile.dll
Fallback handler could not load library D:/Unity/2020.3.12f1/Editor/Data/Mono/lib/Substance.Engine.Mobile
Fallback handler could not load library D:/Unity/2020.3.12f1/Editor/Data/Mono/lib/libSubstance.Engine.Mobile
Fallback handler could not load library D:/Unity/2020.3.12f1/Editor/Data/Mono/lib/libSubstance.Engine.Mobile.dll
Fallback handler could not load library D:/Unity/2020.3.12f1/Editor/Data/Mono/lib/libSubstance.Engine.Mobile
Fallback handler could not load library D:/Unity/2020.3.12f1/Editor/Data/Mono/lib/libdl.dylib
Fallback handler could not load library D:/Unity/2020.3.12f1/Editor/Data/Mono/lib/libdl.dylib.dll
Fallback handler could not load library D:/Unity/2020.3.12f1/Editor/Data/Mono/lib/libdl.dylib
Fallback handler could not load library D:/Unity/2020.3.12f1/Editor/Data/Mono/lib/libdl.dylib
Fallback handler could not load library D:/Unity/2020.3.12f1/Editor/Data/Mono/lib/libdl.dylib.dll
Fallback handler could not load library D:/Unity/2020.3.12f1/Editor/Data/Mono/lib/libdl.dylib
Fallback handler could not load library D:/Unity/2020.3.12f1/Editor/Data/Mono/lib/Substance.Engine.Mobile
Fallback handler could not load library D:/Unity/2020.3.12f1/Editor/Data/Mono/lib/Substance.Engine.Mobile.dll
Fallback handler could not load library D:/Unity/2020.3.12f1/Editor/Data/Mono/lib/Substance.Engine.Mobile
Fallback handler could not load library D:/Unity/2020.3.12f1/Editor/Data/Mono/lib/libSubstance.Engine.Mobile
Fallback handler could not load library D:/Unity/2020.3.12f1/Editor/Data/Mono/lib/libSubstance.Engine.Mobile.dll
Fallback handler could not load library D:/Unity/2020.3.12f1/Editor/Data/Mono/lib/libSubstance.Engine.Mobile
Fallback handler could not load library D:/Unity/2020.3.12f1/Editor/Data/Mono/lib/Substance.Engine.Mobile
Fallback handler could not load library D:/Unity/2020.3.12f1/Editor/Data/Mono/lib/Substance.Engine.Mobile.dll
Fallback handler could not load library D:/Unity/2020.3.12f1/Editor/Data/Mono/lib/Substance.Engine.Mobile
Fallback handler could not load library D:/Unity/2020.3.12f1/Editor/Data/Mono/lib/libSubstance.Engine.Mobile
Fallback handler could not load library D:/Unity/2020.3.12f1/Editor/Data/Mono/lib/libSubstance.Engine.Mobile.dll
Fallback handler could not load library D:/Unity/2020.3.12f1/Editor/Data/Mono/lib/libSubstance.Engine.Mobile
- Completed reload, in  5.288 seconds
Platform modules already initialized, skipping
Refreshing native plugins compatible for Editor in 0.64 ms, found 5 plugins.
Preloading 0 native plugins for Editor in 0.00 ms.
Unloading 1528 Unused Serialized files (Serialized files now loaded: 0)
System memory in use before: 89.0 MB.
System memory in use after: 88.7 MB.

Unloading 39 unused Assets to reduce memory usage. Loaded Objects now: 2053.
Total: 2.919800 ms (FindLiveObjects: 0.157500 ms CreateObjectMapping: 0.057500 ms MarkObjects: 2.144600 ms  DeleteObjects: 0.559100 ms)

AssetImportParameters requested are different than current active one (requested -> active):
  custom:framework-win-MediaFoundation: 216162199b28c13a410421893ffa2e32 -> 
  custom:video-decoder-ogg-theora: a1e56fd34408186e4bbccfd4996cb3dc -> 
  custom:container-muxer-webm: aa71ff27fc2769a1b78a27578f13a17b -> 
  custom:container-demuxer-webm: 4f35f7cbe854078d1ac9338744f61a02 -> 
  custom:container-demuxer-ogg: 62fdf1f143b41e24485cea50d1cbac27 -> 
  custom:video-encoder-webm-vp8: eb34c28f22e8b96e1ab97ce403110664 -> 
  custom:video-decoder-webm-vp8: 9c59270c3fd7afecdb556c50c9e8de78 -> 
  custom:audio-decoder-ogg-vorbis: bf7c407c2cedff20999df2af8eb42d56 -> 
  custom:audio-encoder-webm-vorbis: bf7c407c2cedff20999df2af8eb42d56 -> 
========================================================================
Received Prepare
Registering precompiled user dll's ...
Registered in 0.021194 seconds.
Begin MonoManager ReloadAssembly
Fallback handler could not load library D:/Unity/2020.3.12f1/Editor/Data/Mono/lib/Substance.Engine.Mobile
Fallback handler could not load library D:/Unity/2020.3.12f1/Editor/Data/Mono/lib/Substance.Engine.Mobile.dll
Fallback handler could not load library D:/Unity/2020.3.12f1/Editor/Data/Mono/lib/Substance.Engine.Mobile
Fallback handler could not load library D:/Unity/2020.3.12f1/Editor/Data/Mono/lib/libSubstance.Engine.Mobile
Fallback handler could not load library D:/Unity/2020.3.12f1/Editor/Data/Mono/lib/libSubstance.Engine.Mobile.dll
Fallback handler could not load library D:/Unity/2020.3.12f1/Editor/Data/Mono/lib/libSubstance.Engine.Mobile
Fallback handler could not load library D:/Unity/2020.3.12f1/Editor/Data/Mono/lib/libdl.dylib
Fallback handler could not load library D:/Unity/2020.3.12f1/Editor/Data/Mono/lib/libdl.dylib.dll
Fallback handler could not load library D:/Unity/2020.3.12f1/Editor/Data/Mono/lib/libdl.dylib
Native extension for WindowsStandalone target not found
Refreshing native plugins compatible for Editor in 1.37 ms, found 5 plugins.
Preloading 0 native plugins for Editor in 0.00 ms.
2021-07-09 03:21:41|Fatal|WebSocket.connect|System.Net.Sockets.SocketException (0x80004005): Aucune connexion n’a pu être établie car l’ordinateur cible l’a expressément refusée.
                          Mono: successfully reloaded assembly
Fallback handler could not load library D:/Unity/2020.3.12f1/Editor/Data/Mono/lib/Substance.Engine.Mobile
Fallback handler could not load library D:/Unity/2020.3.12f1/Editor/Data/Mono/lib/Substance.Engine.Mobile.dll
Fallback handler could not load library D:/Unity/2020.3.12f1/Editor/Data/Mono/lib/Substance.Engine.Mobile
Fallback handler could not load library D:/Unity/2020.3.12f1/Editor/Data/Mono/lib/libSubstance.Engine.Mobile
Fallback handler could not load library D:/Unity/2020.3.12f1/Editor/Data/Mono/lib/libSubstance.Engine.Mobile.dll
Fallback handler could not load library D:/Unity/2020.3.12f1/Editor/Data/Mono/lib/libSubstance.Engine.Mobile
Fallback handler could not load library D:/Unity/2020.3.12f1/Editor/Data/Mono/lib/libdl.dylib
Fallback handler could not load library D:/Unity/2020.3.12f1/Editor/Data/Mono/lib/libdl.dylib.dll
Fallback handler could not load library D:/Unity/2020.3.12f1/Editor/Data/Mono/lib/libdl.dylib
Fallback handler could not load library D:/Unity/2020.3.12f1/Editor/Data/Mono/lib/libdl.dylib
Fallback handler could not load library D:/Unity/2020.3.12f1/Editor/Data/Mono/lib/libdl.dylib.dll
Fallback handler could not load library D:/Unity/2020.3.12f1/Editor/Data/Mono/lib/libdl.dylib
Fallback handler could not load library D:/Unity/2020.3.12f1/Editor/Data/Mono/lib/Substance.Engine.Mobile
Fallback handler could not load library D:/Unity/2020.3.12f1/Editor/Data/Mono/lib/Substance.Engine.Mobile.dll
Fallback handler could not load library D:/Unity/2020.3.12f1/Editor/Data/Mono/lib/Substance.Engine.Mobile
Fallback handler could not load library D:/Unity/2020.3.12f1/Editor/Data/Mono/lib/libSubstance.Engine.Mobile
Fallback handler could not load library D:/Unity/2020.3.12f1/Editor/Data/Mono/lib/libSubstance.Engine.Mobile.dll
Fallback handler could not load library D:/Unity/2020.3.12f1/Editor/Data/Mono/lib/libSubstance.Engine.Mobile
Fallback handler could not load library D:/Unity/2020.3.12f1/Editor/Data/Mono/lib/Substance.Engine.Mobile
Fallback handler could not load library D:/Unity/2020.3.12f1/Editor/Data/Mono/lib/Substance.Engine.Mobile.dll
Fallback handler could not load library D:/Unity/2020.3.12f1/Editor/Data/Mono/lib/Substance.Engine.Mobile
Fallback handler could not load library D:/Unity/2020.3.12f1/Editor/Data/Mono/lib/libSubstance.Engine.Mobile
Fallback handler could not load library D:/Unity/2020.3.12f1/Editor/Data/Mono/lib/libSubstance.Engine.Mobile.dll
Fallback handler could not load library D:/Unity/2020.3.12f1/Editor/Data/Mono/lib/libSubstance.Engine.Mobile
- Completed reload, in  5.320 seconds
Platform modules already initialized, skipping
Refreshing native plugins compatible for Editor in 0.64 ms, found 5 plugins.
Preloading 0 native plugins for Editor in 0.00 ms.
Unloading 1528 Unused Serialized files (Serialized files now loaded: 0)
System memory in use before: 88.9 MB.
System memory in use after: 88.7 MB.

Unloading 39 unused Assets to reduce memory usage. Loaded Objects now: 2056.
Total: 3.476200 ms (FindLiveObjects: 0.156500 ms CreateObjectMapping: 0.055600 ms MarkObjects: 2.797200 ms  DeleteObjects: 0.466000 ms)

AssetImportParameters requested are different than current active one (requested -> active):
  custom:framework-win-MediaFoundation: 216162199b28c13a410421893ffa2e32 -> 
  custom:video-decoder-ogg-theora: a1e56fd34408186e4bbccfd4996cb3dc -> 
  custom:container-muxer-webm: aa71ff27fc2769a1b78a27578f13a17b -> 
  custom:container-demuxer-webm: 4f35f7cbe854078d1ac9338744f61a02 -> 
  custom:container-demuxer-ogg: 62fdf1f143b41e24485cea50d1cbac27 -> 
  custom:video-encoder-webm-vp8: eb34c28f22e8b96e1ab97ce403110664 -> 
  custom:video-decoder-webm-vp8: 9c59270c3fd7afecdb556c50c9e8de78 -> 
  custom:audio-decoder-ogg-vorbis: bf7c407c2cedff20999df2af8eb42d56 -> 
  custom:audio-encoder-webm-vorbis: bf7c407c2cedff20999df2af8eb42d56 -> 
AssetImportWorkerClient::OnTransportError - code=2 error=End of file
