Using pre-set license
Built from '2020.3/release' branch; Version is '2020.3.12f1 (b3b2c6512326) revision 11776710'; Using compiler version '192528614'; Build Type 'Release'
OS: 'Windows 10 Pro; OS build 19042.1052; Version 2009; 64bit' Language: 'fr' Physical Memory: 32716 MB
BatchMode: 1, IsHumanControllingUs: 0, StartBugReporterOnCrash: 0, Is64bit: 1, IsPro: 0

 COMMAND LINE ARGUMENTS:
C:\Program Files\Unity\Hub\Editor\2020.3.12f1\Editor\Unity.exe
-adb2
-batchMode
-noUpm
-name
AssetImportWorker0
-projectPath
D:/GorskiGG/Documents/GitHub/NewGameEngineTP/TPTeam
-logFile
Logs/AssetImportWorker0.log
-srvPort
53401
Successfully changed project path to: D:/GorskiGG/Documents/GitHub/NewGameEngineTP/TPTeam
D:/GorskiGG/Documents/GitHub/NewGameEngineTP/TPTeam
Using Asset Import Pipeline V2.
Refreshing native plugins compatible for Editor in 38.18 ms, found 5 plugins.
Preloading 0 native plugins for Editor in 0.00 ms.
Initialize engine version: 2020.3.12f1 (b3b2c6512326)
[Subsystems] Discovering subsystems at path C:/Program Files/Unity/Hub/Editor/2020.3.12f1/Editor/Data/Resources/UnitySubsystems
[Subsystems] Discovering subsystems at path D:/GorskiGG/Documents/GitHub/NewGameEngineTP/TPTeam/Assets
GfxDevice: creating device client; threaded=0
Direct3D:
    Version:  Direct3D 11.0 [level 11.1]
    Renderer: NVIDIA GeForce RTX 2070 SUPER (ID=0x1e84)
    Vendor:   
    VRAM:     8011 MB
    Driver:   30.0.14.7111
Initialize mono
Mono path[0] = 'C:/Program Files/Unity/Hub/Editor/2020.3.12f1/Editor/Data/Managed'
Mono path[1] = 'C:/Program Files/Unity/Hub/Editor/2020.3.12f1/Editor/Data/MonoBleedingEdge/lib/mono/unityjit'
Mono config path = 'C:/Program Files/Unity/Hub/Editor/2020.3.12f1/Editor/Data/MonoBleedingEdge/etc'
Using monoOptions --debugger-agent=transport=dt_socket,embedding=1,server=y,suspend=n,address=127.0.0.1:56672
Begin MonoManager ReloadAssembly
Registering precompiled unity dll's ...
Register platform support module: C:/Program Files/Unity/Hub/Editor/2020.3.12f1/Editor/Data/PlaybackEngines/WindowsStandaloneSupport/UnityEditor.WindowsStandalone.Extensions.dll
Registered in 0.001615 seconds.
Native extension for WindowsStandalone target not found
Refreshing native plugins compatible for Editor in 32.15 ms, found 5 plugins.
Preloading 0 native plugins for Editor in 0.00 ms.
Mono: successfully reloaded assembly
- Completed reload, in  0.874 seconds
Platform modules already initialized, skipping
Registering precompiled user dll's ...
Registered in 0.004895 seconds.
Begin MonoManager ReloadAssembly
Symbol file data-0000025A457402B0 doesn't match image D:\GorskiGG\Documents\GitHub\NewGameEngineTP\TPTeam\Library\ScriptAssemblies\Assembly-CSharp.dll
Symbol file LoadedFromMemory is not a mono symbol file
Symbol file data-0000025A4A07CBC0 doesn't match image D:\GorskiGG\Documents\GitHub\NewGameEngineTP\TPTeam\Library\ScriptAssemblies\Unity.VSCode.Editor.dll
Symbol file LoadedFromMemory is not a mono symbol file
Symbol file data-0000025A4557F010 doesn't match image D:\GorskiGG\Documents\GitHub\NewGameEngineTP\TPTeam\Library\ScriptAssemblies\Unity.TextMeshPro.Editor.dll
Symbol file LoadedFromMemory is not a mono symbol file
Symbol file data-0000025A49A9D7C0 doesn't match image D:\GorskiGG\Documents\GitHub\NewGameEngineTP\TPTeam\Library\ScriptAssemblies\Unity.VisualStudio.Editor.dll
Symbol file LoadedFromMemory is not a mono symbol file
Symbol file data-0000025A4559A630 doesn't match image D:\GorskiGG\Documents\GitHub\NewGameEngineTP\TPTeam\Library\ScriptAssemblies\UnityEngine.TestRunner.dll
Symbol file LoadedFromMemory is not a mono symbol file
Symbol file data-0000025A4A091020 doesn't match image D:\GorskiGG\Documents\GitHub\NewGameEngineTP\TPTeam\Library\ScriptAssemblies\Unity.Timeline.Editor.dll
Symbol file LoadedFromMemory is not a mono symbol file
Symbol file data-0000025A45990E30 doesn't match image D:\GorskiGG\Documents\GitHub\NewGameEngineTP\TPTeam\Library\ScriptAssemblies\Unity.Timeline.dll
Symbol file LoadedFromMemory is not a mono symbol file
Symbol file data-0000025A45C97010 doesn't match image D:\GorskiGG\Documents\GitHub\NewGameEngineTP\TPTeam\Library\ScriptAssemblies\Unity.TextMeshPro.dll
Symbol file LoadedFromMemory is not a mono symbol file
Symbol file data-0000025A4559A630 doesn't match image D:\GorskiGG\Documents\GitHub\NewGameEngineTP\TPTeam\Library\ScriptAssemblies\Unity.CollabProxy.Editor.dll
Symbol file LoadedFromMemory is not a mono symbol file
Symbol file data-0000025A4A091020 doesn't match image D:\GorskiGG\Documents\GitHub\NewGameEngineTP\TPTeam\Library\ScriptAssemblies\UnityEditor.TestRunner.dll
Symbol file LoadedFromMemory is not a mono symbol file
Symbol file data-0000025A4559A630 doesn't match image D:\GorskiGG\Documents\GitHub\NewGameEngineTP\TPTeam\Library\ScriptAssemblies\UnityEditor.UI.dll
Symbol file LoadedFromMemory is not a mono symbol file
Symbol file data-0000025A4A0A5A30 doesn't match image D:\GorskiGG\Documents\GitHub\NewGameEngineTP\TPTeam\Library\ScriptAssemblies\Unity.PlasticSCM.Editor.dll
Symbol file LoadedFromMemory is not a mono symbol file
Symbol file data-0000025A49A9D7C0 doesn't match image D:\GorskiGG\Documents\GitHub\NewGameEngineTP\TPTeam\Library\ScriptAssemblies\Unity.Rider.Editor.dll
Symbol file LoadedFromMemory is not a mono symbol file
Symbol file data-0000025A4A0B7640 doesn't match image D:\GorskiGG\Documents\GitHub\NewGameEngineTP\TPTeam\Library\ScriptAssemblies\UnityEngine.UI.dll
Symbol file LoadedFromMemory is not a mono symbol file
Native extension for WindowsStandalone target not found
Refreshing native plugins compatible for Editor in 31.97 ms, found 5 plugins.
Preloading 0 native plugins for Editor in 0.00 ms.
2021-07-08 14:49:24|Fatal|WebSocket.connect|System.Net.Sockets.SocketException (0x80004005): Aucune connexion n’a pu être établie car l’ordinateur cible l’a expressément refusée.
                          Mono: successfully reloaded assembly
Fallback handler could not load library C:/Program Files/Unity/Hub/Editor/2020.3.12f1/Editor/Data/Mono/lib/Substance.Engine.Mobile
Fallback handler could not load library C:/Program Files/Unity/Hub/Editor/2020.3.12f1/Editor/Data/Mono/lib/Substance.Engine.Mobile.dll
Fallback handler could not load library C:/Program Files/Unity/Hub/Editor/2020.3.12f1/Editor/Data/Mono/lib/Substance.Engine.Mobile
Fallback handler could not load library C:/Program Files/Unity/Hub/Editor/2020.3.12f1/Editor/Data/Mono/lib/libSubstance.Engine.Mobile
Fallback handler could not load library C:/Program Files/Unity/Hub/Editor/2020.3.12f1/Editor/Data/Mono/lib/libSubstance.Engine.Mobile.dll
Fallback handler could not load library C:/Program Files/Unity/Hub/Editor/2020.3.12f1/Editor/Data/Mono/lib/libSubstance.Engine.Mobile
Fallback handler could not load library C:/Program Files/Unity/Hub/Editor/2020.3.12f1/Editor/Data/Mono/lib/libdl.dylib
Fallback handler could not load library C:/Program Files/Unity/Hub/Editor/2020.3.12f1/Editor/Data/Mono/lib/libdl.dylib.dll
Fallback handler could not load library C:/Program Files/Unity/Hub/Editor/2020.3.12f1/Editor/Data/Mono/lib/libdl.dylib
Fallback handler could not load library C:/Program Files/Unity/Hub/Editor/2020.3.12f1/Editor/Data/Mono/lib/libdl.dylib
Fallback handler could not load library C:/Program Files/Unity/Hub/Editor/2020.3.12f1/Editor/Data/Mono/lib/libdl.dylib.dll
Fallback handler could not load library C:/Program Files/Unity/Hub/Editor/2020.3.12f1/Editor/Data/Mono/lib/libdl.dylib
Fallback handler could not load library C:/Program Files/Unity/Hub/Editor/2020.3.12f1/Editor/Data/Mono/lib/Substance.Engine.Mobile
Fallback handler could not load library C:/Program Files/Unity/Hub/Editor/2020.3.12f1/Editor/Data/Mono/lib/Substance.Engine.Mobile.dll
Fallback handler could not load library C:/Program Files/Unity/Hub/Editor/2020.3.12f1/Editor/Data/Mono/lib/Substance.Engine.Mobile
Fallback handler could not load library C:/Program Files/Unity/Hub/Editor/2020.3.12f1/Editor/Data/Mono/lib/libSubstance.Engine.Mobile
Fallback handler could not load library C:/Program Files/Unity/Hub/Editor/2020.3.12f1/Editor/Data/Mono/lib/libSubstance.Engine.Mobile.dll
Fallback handler could not load library C:/Program Files/Unity/Hub/Editor/2020.3.12f1/Editor/Data/Mono/lib/libSubstance.Engine.Mobile
Fallback handler could not load library C:/Program Files/Unity/Hub/Editor/2020.3.12f1/Editor/Data/Mono/lib/Substance.Engine.Mobile
Fallback handler could not load library C:/Program Files/Unity/Hub/Editor/2020.3.12f1/Editor/Data/Mono/lib/Substance.Engine.Mobile.dll
Fallback handler could not load library C:/Program Files/Unity/Hub/Editor/2020.3.12f1/Editor/Data/Mono/lib/Substance.Engine.Mobile
Fallback handler could not load library C:/Program Files/Unity/Hub/Editor/2020.3.12f1/Editor/Data/Mono/lib/libSubstance.Engine.Mobile
Fallback handler could not load library C:/Program Files/Unity/Hub/Editor/2020.3.12f1/Editor/Data/Mono/lib/libSubstance.Engine.Mobile.dll
Fallback handler could not load library C:/Program Files/Unity/Hub/Editor/2020.3.12f1/Editor/Data/Mono/lib/libSubstance.Engine.Mobile
- Completed reload, in  4.980 seconds
Platform modules already initialized, skipping
========================================================================
Worker process is ready to serve import requests
Launched and connected shader compiler UnityShaderCompiler.exe after 0.03 seconds
Refreshing native plugins compatible for Editor in 0.58 ms, found 5 plugins.
Preloading 0 native plugins for Editor in 0.00 ms.
Unloading 1564 Unused Serialized files (Serialized files now loaded: 0)
System memory in use before: 88.7 MB.
System memory in use after: 88.4 MB.

Unloading 44 unused Assets to reduce memory usage. Loaded Objects now: 2004.
Total: 2.065000 ms (FindLiveObjects: 0.143000 ms CreateObjectMapping: 0.034500 ms MarkObjects: 1.605800 ms  DeleteObjects: 0.280900 ms)

AssetImportParameters requested are different than current active one (requested -> active):
  custom:framework-win-MediaFoundation: 216162199b28c13a410421893ffa2e32 -> 
  custom:video-decoder-ogg-theora: a1e56fd34408186e4bbccfd4996cb3dc -> 
  custom:container-muxer-webm: aa71ff27fc2769a1b78a27578f13a17b -> 
  custom:container-demuxer-webm: 4f35f7cbe854078d1ac9338744f61a02 -> 
  custom:container-demuxer-ogg: 62fdf1f143b41e24485cea50d1cbac27 -> 
  custom:video-encoder-webm-vp8: eb34c28f22e8b96e1ab97ce403110664 -> 
  custom:video-decoder-webm-vp8: 9c59270c3fd7afecdb556c50c9e8de78 -> 
  custom:audio-decoder-ogg-vorbis: bf7c407c2cedff20999df2af8eb42d56 -> 
  custom:audio-encoder-webm-vorbis: bf7c407c2cedff20999df2af8eb42d56 -> 
========================================================================
Received Import Request.
  path: Assets/Medieval Village/Gold Coins/Prefab/GoldCoins.prefab
  artifactKey: Guid(01348926c7cbb3347a006c37204131c3) Importer(815301076,1909f56bfc062723c751e8b465ee728b)
Start importing Assets/Medieval Village/Gold Coins/Prefab/GoldCoins.prefab using Guid(01348926c7cbb3347a006c37204131c3) Importer(815301076,1909f56bfc062723c751e8b465ee728b)  -> (artifact id: '1a41dae300e35b7c43b64228e0c94cbe') in 0.089027 seconds 
  Import took 0.091723 seconds .

========================================================================
Received Import Request.
  Time since last request: 7.509650 seconds.
  path: Assets/Medieval Village/Gold Coins/Prefab/arrow.png
  artifactKey: Guid(4b9852d432ec0d445a0c7eead70d6d38) Importer(815301076,1909f56bfc062723c751e8b465ee728b)
Start importing Assets/Medieval Village/Gold Coins/Prefab/arrow.png using Guid(4b9852d432ec0d445a0c7eead70d6d38) Importer(815301076,1909f56bfc062723c751e8b465ee728b)  -> (artifact id: '9d0ce371425351a33be0b453fafbc2b0') in 0.040396 seconds 
  Import took 0.042895 seconds .

========================================================================
Received Import Request.
  Time since last request: 15.729960 seconds.
  path: Assets/Medieval Village/Gold Coins/Prefab/arrow.png
  artifactKey: Guid(4b9852d432ec0d445a0c7eead70d6d38) Importer(815301076,1909f56bfc062723c751e8b465ee728b)
Start importing Assets/Medieval Village/Gold Coins/Prefab/arrow.png using Guid(4b9852d432ec0d445a0c7eead70d6d38) Importer(815301076,1909f56bfc062723c751e8b465ee728b)  -> (artifact id: '4db74b33f4b9c16dcf1d81efb60cf55d') in 0.018683 seconds 
  Import took 0.021012 seconds .

========================================================================
Received Import Request.
  Time since last request: 8.133335 seconds.
  path: Assets/Medieval Village/Gold Coins/Prefab/RedArrow.mat
  artifactKey: Guid(9d2c976c7de590e4c8483b3651752ba4) Importer(815301076,1909f56bfc062723c751e8b465ee728b)
Start importing Assets/Medieval Village/Gold Coins/Prefab/RedArrow.mat using Guid(9d2c976c7de590e4c8483b3651752ba4) Importer(815301076,1909f56bfc062723c751e8b465ee728b)  -> (artifact id: '80d36acd1fc06a23ec2225cd1cea4bda') in 0.023107 seconds 
  Import took 0.025810 seconds .

========================================================================
Received Import Request.
  Time since last request: 17.120690 seconds.
  path: Assets/Medieval Village/Gold Coins/Prefab/GoldCoins.prefab
  artifactKey: Guid(01348926c7cbb3347a006c37204131c3) Importer(815301076,1909f56bfc062723c751e8b465ee728b)
Start importing Assets/Medieval Village/Gold Coins/Prefab/GoldCoins.prefab using Guid(01348926c7cbb3347a006c37204131c3) Importer(815301076,1909f56bfc062723c751e8b465ee728b)  -> (artifact id: 'bb6622b09335d3f4d3363d1dc7e79801') in 0.009362 seconds 
  Import took 0.012053 seconds .

========================================================================
Received Import Request.
  Time since last request: 0.023078 seconds.
  path: Assets/Medieval Village/Gold Coins/Prefab/GoldCoins.prefab
  artifactKey: Guid(01348926c7cbb3347a006c37204131c3) Importer(815301076,1909f56bfc062723c751e8b465ee728b)
Start importing Assets/Medieval Village/Gold Coins/Prefab/GoldCoins.prefab using Guid(01348926c7cbb3347a006c37204131c3) Importer(815301076,1909f56bfc062723c751e8b465ee728b)  -> (artifact id: 'bb6622b09335d3f4d3363d1dc7e79801') in 0.011779 seconds 
  Import took 0.014248 seconds .

========================================================================
Received Import Request.
  Time since last request: 1.076876 seconds.
  path: Assets/Medieval Village/Gold Coins/Prefab/GoldCoins.prefab
  artifactKey: Guid(01348926c7cbb3347a006c37204131c3) Importer(815301076,1909f56bfc062723c751e8b465ee728b)
Start importing Assets/Medieval Village/Gold Coins/Prefab/GoldCoins.prefab using Guid(01348926c7cbb3347a006c37204131c3) Importer(815301076,1909f56bfc062723c751e8b465ee728b)  -> (artifact id: '528871c0d4efabcf34d523df49607f0d') in 0.011211 seconds 
  Import took 0.013872 seconds .

========================================================================
Received Import Request.
  Time since last request: 0.016400 seconds.
  path: Assets/Medieval Village/Gold Coins/Prefab/GoldCoins.prefab
  artifactKey: Guid(01348926c7cbb3347a006c37204131c3) Importer(815301076,1909f56bfc062723c751e8b465ee728b)
Start importing Assets/Medieval Village/Gold Coins/Prefab/GoldCoins.prefab using Guid(01348926c7cbb3347a006c37204131c3) Importer(815301076,1909f56bfc062723c751e8b465ee728b)  -> (artifact id: '528871c0d4efabcf34d523df49607f0d') in 0.010567 seconds 
  Import took 0.012977 seconds .

========================================================================
Received Prepare
Registering precompiled user dll's ...
Registered in 0.005409 seconds.
Begin MonoManager ReloadAssembly
Fallback handler could not load library C:/Program Files/Unity/Hub/Editor/2020.3.12f1/Editor/Data/Mono/lib/Substance.Engine.Mobile
Fallback handler could not load library C:/Program Files/Unity/Hub/Editor/2020.3.12f1/Editor/Data/Mono/lib/Substance.Engine.Mobile.dll
Fallback handler could not load library C:/Program Files/Unity/Hub/Editor/2020.3.12f1/Editor/Data/Mono/lib/Substance.Engine.Mobile
Fallback handler could not load library C:/Program Files/Unity/Hub/Editor/2020.3.12f1/Editor/Data/Mono/lib/libSubstance.Engine.Mobile
Fallback handler could not load library C:/Program Files/Unity/Hub/Editor/2020.3.12f1/Editor/Data/Mono/lib/libSubstance.Engine.Mobile.dll
Fallback handler could not load library C:/Program Files/Unity/Hub/Editor/2020.3.12f1/Editor/Data/Mono/lib/libSubstance.Engine.Mobile
Fallback handler could not load library C:/Program Files/Unity/Hub/Editor/2020.3.12f1/Editor/Data/Mono/lib/libdl.dylib
Fallback handler could not load library C:/Program Files/Unity/Hub/Editor/2020.3.12f1/Editor/Data/Mono/lib/libdl.dylib.dll
Fallback handler could not load library C:/Program Files/Unity/Hub/Editor/2020.3.12f1/Editor/Data/Mono/lib/libdl.dylib
Symbol file data-0000025A4F6EFEC0 doesn't match image D:\GorskiGG\Documents\GitHub\NewGameEngineTP\TPTeam\Library\ScriptAssemblies\Assembly-CSharp.dll
Symbol file LoadedFromMemory is not a mono symbol file
Symbol file data-0000025A49DDA020 doesn't match image D:\GorskiGG\Documents\GitHub\NewGameEngineTP\TPTeam\Library\ScriptAssemblies\Unity.VSCode.Editor.dll
Symbol file LoadedFromMemory is not a mono symbol file
Symbol file data-0000025A45852010 doesn't match image D:\GorskiGG\Documents\GitHub\NewGameEngineTP\TPTeam\Library\ScriptAssemblies\Unity.TextMeshPro.Editor.dll
Symbol file LoadedFromMemory is not a mono symbol file
Symbol file data-0000025A45A77030 doesn't match image D:\GorskiGG\Documents\GitHub\NewGameEngineTP\TPTeam\Library\ScriptAssemblies\Unity.VisualStudio.Editor.dll
Symbol file LoadedFromMemory is not a mono symbol file
Symbol file data-0000025A45732270 doesn't match image D:\GorskiGG\Documents\GitHub\NewGameEngineTP\TPTeam\Library\ScriptAssemblies\UnityEngine.TestRunner.dll
Symbol file LoadedFromMemory is not a mono symbol file
Symbol file data-0000025A4586BF20 doesn't match image D:\GorskiGG\Documents\GitHub\NewGameEngineTP\TPTeam\Library\ScriptAssemblies\Unity.Timeline.Editor.dll
Symbol file LoadedFromMemory is not a mono symbol file
Symbol file data-0000025A45852010 doesn't match image D:\GorskiGG\Documents\GitHub\NewGameEngineTP\TPTeam\Library\ScriptAssemblies\Unity.Timeline.dll
Symbol file LoadedFromMemory is not a mono symbol file
Symbol file data-0000025A45747F70 doesn't match image D:\GorskiGG\Documents\GitHub\NewGameEngineTP\TPTeam\Library\ScriptAssemblies\Unity.TextMeshPro.dll
Symbol file LoadedFromMemory is not a mono symbol file
Symbol file data-0000025A4A296010 doesn't match image D:\GorskiGG\Documents\GitHub\NewGameEngineTP\TPTeam\Library\ScriptAssemblies\Unity.CollabProxy.Editor.dll
Symbol file LoadedFromMemory is not a mono symbol file
Symbol file data-0000025A4B83E040 doesn't match image D:\GorskiGG\Documents\GitHub\NewGameEngineTP\TPTeam\Library\ScriptAssemblies\UnityEditor.TestRunner.dll
Symbol file LoadedFromMemory is not a mono symbol file
Symbol file data-0000025A4549A010 doesn't match image D:\GorskiGG\Documents\GitHub\NewGameEngineTP\TPTeam\Library\ScriptAssemblies\UnityEditor.UI.dll
Symbol file LoadedFromMemory is not a mono symbol file
Symbol file data-0000025A4B2A0010 doesn't match image D:\GorskiGG\Documents\GitHub\NewGameEngineTP\TPTeam\Library\ScriptAssemblies\Unity.PlasticSCM.Editor.dll
Symbol file LoadedFromMemory is not a mono symbol file
Symbol file data-0000025A4B60EE30 doesn't match image D:\GorskiGG\Documents\GitHub\NewGameEngineTP\TPTeam\Library\ScriptAssemblies\Unity.Rider.Editor.dll
Symbol file LoadedFromMemory is not a mono symbol file
Symbol file data-0000025A4A768020 doesn't match image D:\GorskiGG\Documents\GitHub\NewGameEngineTP\TPTeam\Library\ScriptAssemblies\UnityEngine.UI.dll
Symbol file LoadedFromMemory is not a mono symbol file
Native extension for WindowsStandalone target not found
Refreshing native plugins compatible for Editor in 0.59 ms, found 5 plugins.
Preloading 0 native plugins for Editor in 0.00 ms.
2021-07-08 14:51:30|Fatal|WebSocket.connect|System.Net.Sockets.SocketException (0x80004005): Aucune connexion n’a pu être établie car l’ordinateur cible l’a expressément refusée.
                          Mono: successfully reloaded assembly
Fallback handler could not load library C:/Program Files/Unity/Hub/Editor/2020.3.12f1/Editor/Data/Mono/lib/Substance.Engine.Mobile
Fallback handler could not load library C:/Program Files/Unity/Hub/Editor/2020.3.12f1/Editor/Data/Mono/lib/Substance.Engine.Mobile.dll
Fallback handler could not load library C:/Program Files/Unity/Hub/Editor/2020.3.12f1/Editor/Data/Mono/lib/Substance.Engine.Mobile
Fallback handler could not load library C:/Program Files/Unity/Hub/Editor/2020.3.12f1/Editor/Data/Mono/lib/libSubstance.Engine.Mobile
Fallback handler could not load library C:/Program Files/Unity/Hub/Editor/2020.3.12f1/Editor/Data/Mono/lib/libSubstance.Engine.Mobile.dll
Fallback handler could not load library C:/Program Files/Unity/Hub/Editor/2020.3.12f1/Editor/Data/Mono/lib/libSubstance.Engine.Mobile
Fallback handler could not load library C:/Program Files/Unity/Hub/Editor/2020.3.12f1/Editor/Data/Mono/lib/libdl.dylib
Fallback handler could not load library C:/Program Files/Unity/Hub/Editor/2020.3.12f1/Editor/Data/Mono/lib/libdl.dylib.dll
Fallback handler could not load library C:/Program Files/Unity/Hub/Editor/2020.3.12f1/Editor/Data/Mono/lib/libdl.dylib
Fallback handler could not load library C:/Program Files/Unity/Hub/Editor/2020.3.12f1/Editor/Data/Mono/lib/libdl.dylib
Fallback handler could not load library C:/Program Files/Unity/Hub/Editor/2020.3.12f1/Editor/Data/Mono/lib/libdl.dylib.dll
Fallback handler could not load library C:/Program Files/Unity/Hub/Editor/2020.3.12f1/Editor/Data/Mono/lib/libdl.dylib
Fallback handler could not load library C:/Program Files/Unity/Hub/Editor/2020.3.12f1/Editor/Data/Mono/lib/Substance.Engine.Mobile
Fallback handler could not load library C:/Program Files/Unity/Hub/Editor/2020.3.12f1/Editor/Data/Mono/lib/Substance.Engine.Mobile.dll
Fallback handler could not load library C:/Program Files/Unity/Hub/Editor/2020.3.12f1/Editor/Data/Mono/lib/Substance.Engine.Mobile
Fallback handler could not load library C:/Program Files/Unity/Hub/Editor/2020.3.12f1/Editor/Data/Mono/lib/libSubstance.Engine.Mobile
Fallback handler could not load library C:/Program Files/Unity/Hub/Editor/2020.3.12f1/Editor/Data/Mono/lib/libSubstance.Engine.Mobile.dll
Fallback handler could not load library C:/Program Files/Unity/Hub/Editor/2020.3.12f1/Editor/Data/Mono/lib/libSubstance.Engine.Mobile
Fallback handler could not load library C:/Program Files/Unity/Hub/Editor/2020.3.12f1/Editor/Data/Mono/lib/Substance.Engine.Mobile
Fallback handler could not load library C:/Program Files/Unity/Hub/Editor/2020.3.12f1/Editor/Data/Mono/lib/Substance.Engine.Mobile.dll
Fallback handler could not load library C:/Program Files/Unity/Hub/Editor/2020.3.12f1/Editor/Data/Mono/lib/Substance.Engine.Mobile
Fallback handler could not load library C:/Program Files/Unity/Hub/Editor/2020.3.12f1/Editor/Data/Mono/lib/libSubstance.Engine.Mobile
Fallback handler could not load library C:/Program Files/Unity/Hub/Editor/2020.3.12f1/Editor/Data/Mono/lib/libSubstance.Engine.Mobile.dll
Fallback handler could not load library C:/Program Files/Unity/Hub/Editor/2020.3.12f1/Editor/Data/Mono/lib/libSubstance.Engine.Mobile
- Completed reload, in  4.898 seconds
Platform modules already initialized, skipping
Refreshing native plugins compatible for Editor in 0.57 ms, found 5 plugins.
Preloading 0 native plugins for Editor in 0.00 ms.
Unloading 1525 Unused Serialized files (Serialized files now loaded: 0)
System memory in use before: 88.6 MB.
System memory in use after: 88.4 MB.

Unloading 39 unused Assets to reduce memory usage. Loaded Objects now: 2049.
Total: 1.800400 ms (FindLiveObjects: 0.144500 ms CreateObjectMapping: 0.036100 ms MarkObjects: 1.375000 ms  DeleteObjects: 0.243900 ms)

AssetImportParameters requested are different than current active one (requested -> active):
  custom:framework-win-MediaFoundation: 216162199b28c13a410421893ffa2e32 -> 
  custom:video-decoder-ogg-theora: a1e56fd34408186e4bbccfd4996cb3dc -> 
  custom:container-muxer-webm: aa71ff27fc2769a1b78a27578f13a17b -> 
  custom:container-demuxer-webm: 4f35f7cbe854078d1ac9338744f61a02 -> 
  custom:container-demuxer-ogg: 62fdf1f143b41e24485cea50d1cbac27 -> 
  custom:video-encoder-webm-vp8: eb34c28f22e8b96e1ab97ce403110664 -> 
  custom:video-decoder-webm-vp8: 9c59270c3fd7afecdb556c50c9e8de78 -> 
  custom:audio-decoder-ogg-vorbis: bf7c407c2cedff20999df2af8eb42d56 -> 
  custom:audio-encoder-webm-vorbis: bf7c407c2cedff20999df2af8eb42d56 -> 
========================================================================
Received Import Request.
  Time since last request: 81.253201 seconds.
  path: Assets/Medieval Village/Gold Coins/Prefab/RedArrow.mat
  artifactKey: Guid(9d2c976c7de590e4c8483b3651752ba4) Importer(815301076,1909f56bfc062723c751e8b465ee728b)
Start importing Assets/Medieval Village/Gold Coins/Prefab/RedArrow.mat using Guid(9d2c976c7de590e4c8483b3651752ba4) Importer(815301076,1909f56bfc062723c751e8b465ee728b)  -> (artifact id: 'bffe52ab53d22915c1946add6ba2b10c') in 0.051367 seconds 
  Import took 0.054075 seconds .

AssetImportWorkerClient::OnTransportError - code=2 error=End of file
