Using pre-set license
Built from '2020.3/release' branch; Version is '2020.3.12f1 (b3b2c6512326) revision 11776710'; Using compiler version '192528614'; Build Type 'Release'
OS: 'Windows 10 Pro; OS build 19042.1052; Version 2009; 64bit' Language: 'fr' Physical Memory: 32716 MB
BatchMode: 1, IsHumanControllingUs: 0, StartBugReporterOnCrash: 0, Is64bit: 1, IsPro: 0

 COMMAND LINE ARGUMENTS:
C:\Program Files\Unity\Hub\Editor\2020.3.12f1\Editor\Unity.exe
-adb2
-batchMode
-noUpm
-name
AssetImportWorker0
-projectPath
D:/GorskiGG/Documents/GitHub/NewGameEngineTP/TPTeam
-logFile
Logs/AssetImportWorker0.log
-srvPort
61314
Successfully changed project path to: D:/GorskiGG/Documents/GitHub/NewGameEngineTP/TPTeam
D:/GorskiGG/Documents/GitHub/NewGameEngineTP/TPTeam
Using Asset Import Pipeline V2.
Refreshing native plugins compatible for Editor in 41.61 ms, found 5 plugins.
Preloading 0 native plugins for Editor in 0.00 ms.
Initialize engine version: 2020.3.12f1 (b3b2c6512326)
[Subsystems] Discovering subsystems at path C:/Program Files/Unity/Hub/Editor/2020.3.12f1/Editor/Data/Resources/UnitySubsystems
[Subsystems] Discovering subsystems at path D:/GorskiGG/Documents/GitHub/NewGameEngineTP/TPTeam/Assets
GfxDevice: creating device client; threaded=0
Direct3D:
    Version:  Direct3D 11.0 [level 11.1]
    Renderer: NVIDIA GeForce RTX 2070 SUPER (ID=0x1e84)
    Vendor:   
    VRAM:     8011 MB
    Driver:   30.0.14.7111
Initialize mono
Mono path[0] = 'C:/Program Files/Unity/Hub/Editor/2020.3.12f1/Editor/Data/Managed'
Mono path[1] = 'C:/Program Files/Unity/Hub/Editor/2020.3.12f1/Editor/Data/MonoBleedingEdge/lib/mono/unityjit'
Mono config path = 'C:/Program Files/Unity/Hub/Editor/2020.3.12f1/Editor/Data/MonoBleedingEdge/etc'
Using monoOptions --debugger-agent=transport=dt_socket,embedding=1,server=y,suspend=n,address=127.0.0.1:56424
Begin MonoManager ReloadAssembly
Registering precompiled unity dll's ...
Register platform support module: C:/Program Files/Unity/Hub/Editor/2020.3.12f1/Editor/Data/PlaybackEngines/WindowsStandaloneSupport/UnityEditor.WindowsStandalone.Extensions.dll
Registered in 0.001669 seconds.
Native extension for WindowsStandalone target not found
Refreshing native plugins compatible for Editor in 32.15 ms, found 5 plugins.
Preloading 0 native plugins for Editor in 0.00 ms.
Mono: successfully reloaded assembly
- Completed reload, in  0.873 seconds
Platform modules already initialized, skipping
Registering precompiled user dll's ...
Registered in 0.004298 seconds.
Begin MonoManager ReloadAssembly
Native extension for WindowsStandalone target not found
Refreshing native plugins compatible for Editor in 32.52 ms, found 5 plugins.
Preloading 0 native plugins for Editor in 0.00 ms.
2021-07-09 14:21:38|Fatal|WebSocket.connect|System.Net.Sockets.SocketException (0x80004005): Aucune connexion n’a pu être établie car l’ordinateur cible l’a expressément refusée.
                          Mono: successfully reloaded assembly
Fallback handler could not load library C:/Program Files/Unity/Hub/Editor/2020.3.12f1/Editor/Data/Mono/lib/Substance.Engine.Mobile
Fallback handler could not load library C:/Program Files/Unity/Hub/Editor/2020.3.12f1/Editor/Data/Mono/lib/Substance.Engine.Mobile.dll
Fallback handler could not load library C:/Program Files/Unity/Hub/Editor/2020.3.12f1/Editor/Data/Mono/lib/Substance.Engine.Mobile
Fallback handler could not load library C:/Program Files/Unity/Hub/Editor/2020.3.12f1/Editor/Data/Mono/lib/libSubstance.Engine.Mobile
Fallback handler could not load library C:/Program Files/Unity/Hub/Editor/2020.3.12f1/Editor/Data/Mono/lib/libSubstance.Engine.Mobile.dll
Fallback handler could not load library C:/Program Files/Unity/Hub/Editor/2020.3.12f1/Editor/Data/Mono/lib/libSubstance.Engine.Mobile
Fallback handler could not load library C:/Program Files/Unity/Hub/Editor/2020.3.12f1/Editor/Data/Mono/lib/libdl.dylib
Fallback handler could not load library C:/Program Files/Unity/Hub/Editor/2020.3.12f1/Editor/Data/Mono/lib/libdl.dylib.dll
Fallback handler could not load library C:/Program Files/Unity/Hub/Editor/2020.3.12f1/Editor/Data/Mono/lib/libdl.dylib
Fallback handler could not load library C:/Program Files/Unity/Hub/Editor/2020.3.12f1/Editor/Data/Mono/lib/libdl.dylib
Fallback handler could not load library C:/Program Files/Unity/Hub/Editor/2020.3.12f1/Editor/Data/Mono/lib/libdl.dylib.dll
Fallback handler could not load library C:/Program Files/Unity/Hub/Editor/2020.3.12f1/Editor/Data/Mono/lib/libdl.dylib
Fallback handler could not load library C:/Program Files/Unity/Hub/Editor/2020.3.12f1/Editor/Data/Mono/lib/Substance.Engine.Mobile
Fallback handler could not load library C:/Program Files/Unity/Hub/Editor/2020.3.12f1/Editor/Data/Mono/lib/Substance.Engine.Mobile.dll
Fallback handler could not load library C:/Program Files/Unity/Hub/Editor/2020.3.12f1/Editor/Data/Mono/lib/Substance.Engine.Mobile
Fallback handler could not load library C:/Program Files/Unity/Hub/Editor/2020.3.12f1/Editor/Data/Mono/lib/libSubstance.Engine.Mobile
Fallback handler could not load library C:/Program Files/Unity/Hub/Editor/2020.3.12f1/Editor/Data/Mono/lib/libSubstance.Engine.Mobile.dll
Fallback handler could not load library C:/Program Files/Unity/Hub/Editor/2020.3.12f1/Editor/Data/Mono/lib/libSubstance.Engine.Mobile
Fallback handler could not load library C:/Program Files/Unity/Hub/Editor/2020.3.12f1/Editor/Data/Mono/lib/Substance.Engine.Mobile
Fallback handler could not load library C:/Program Files/Unity/Hub/Editor/2020.3.12f1/Editor/Data/Mono/lib/Substance.Engine.Mobile.dll
Fallback handler could not load library C:/Program Files/Unity/Hub/Editor/2020.3.12f1/Editor/Data/Mono/lib/Substance.Engine.Mobile
Fallback handler could not load library C:/Program Files/Unity/Hub/Editor/2020.3.12f1/Editor/Data/Mono/lib/libSubstance.Engine.Mobile
Fallback handler could not load library C:/Program Files/Unity/Hub/Editor/2020.3.12f1/Editor/Data/Mono/lib/libSubstance.Engine.Mobile.dll
Fallback handler could not load library C:/Program Files/Unity/Hub/Editor/2020.3.12f1/Editor/Data/Mono/lib/libSubstance.Engine.Mobile
- Completed reload, in  4.995 seconds
Platform modules already initialized, skipping
========================================================================
Worker process is ready to serve import requests
Launched and connected shader compiler UnityShaderCompiler.exe after 0.04 seconds
Refreshing native plugins compatible for Editor in 0.60 ms, found 5 plugins.
Preloading 0 native plugins for Editor in 0.00 ms.
Unloading 1570 Unused Serialized files (Serialized files now loaded: 0)
System memory in use before: 89.1 MB.
System memory in use after: 88.8 MB.

Unloading 44 unused Assets to reduce memory usage. Loaded Objects now: 2011.
Total: 1.877500 ms (FindLiveObjects: 0.147600 ms CreateObjectMapping: 0.034500 ms MarkObjects: 1.427200 ms  DeleteObjects: 0.267300 ms)

AssetImportParameters requested are different than current active one (requested -> active):
  custom:framework-win-MediaFoundation: 216162199b28c13a410421893ffa2e32 -> 
  custom:video-decoder-ogg-theora: a1e56fd34408186e4bbccfd4996cb3dc -> 
  custom:container-muxer-webm: aa71ff27fc2769a1b78a27578f13a17b -> 
  custom:container-demuxer-webm: 4f35f7cbe854078d1ac9338744f61a02 -> 
  custom:container-demuxer-ogg: 62fdf1f143b41e24485cea50d1cbac27 -> 
  custom:video-encoder-webm-vp8: eb34c28f22e8b96e1ab97ce403110664 -> 
  custom:video-decoder-webm-vp8: 9c59270c3fd7afecdb556c50c9e8de78 -> 
  custom:audio-decoder-ogg-vorbis: bf7c407c2cedff20999df2af8eb42d56 -> 
  custom:audio-encoder-webm-vorbis: bf7c407c2cedff20999df2af8eb42d56 -> 
========================================================================
Received Import Request.
  path: Assets/Medieval Village/[Scenes]/Medieval Village 1.unity
  artifactKey: Guid(bf6c6399110e7504e9a5a68046382468) Importer(815301076,1909f56bfc062723c751e8b465ee728b)
Start importing Assets/Medieval Village/[Scenes]/Medieval Village 1.unity using Guid(bf6c6399110e7504e9a5a68046382468) Importer(815301076,1909f56bfc062723c751e8b465ee728b)  -> (artifact id: '12ee3ccdb8c09185c3637d86e6019056') in 0.010656 seconds 
  Import took 0.012847 seconds .

========================================================================
Received Import Request.
  Time since last request: 0.000182 seconds.
  path: Assets/Medieval Village/[Scenes]/Medieval Village.unity
  artifactKey: Guid(17f7089bc0441454eb5ad07924373176) Importer(815301076,1909f56bfc062723c751e8b465ee728b)
Start importing Assets/Medieval Village/[Scenes]/Medieval Village.unity using Guid(17f7089bc0441454eb5ad07924373176) Importer(815301076,1909f56bfc062723c751e8b465ee728b)  -> (artifact id: '0aa0266142bc4e01342a6c9d83359423') in 0.007952 seconds 
  Import took 0.009958 seconds .

AssetImportWorkerClient::OnTransportError - code=2 error=End of file
